Debug|Reading config...
Debug|Reading referenced images from 'C:\Users\terpssi\Desktop\часики\itsFine'
Trace|Loading resources for 2 'Background'
Trace|Loading resources for 2.1 'Image'
Trace|Loading image 0...
Trace|Image was loaded from file C:\Users\terpssi\Desktop\часики\itsFine\0000.png
Trace|Loading resources for 3 'Time'
Trace|Loading resources for 3.1 'TwoDigits'
Trace|Loading resources for 3.1.1 'ImageSet'
Trace|Loading image 1...
Trace|Image was loaded from file C:\Users\terpssi\Desktop\часики\itsFine\0001.png
Trace|Loading image 2...
Trace|Image was loaded from file C:\Users\terpssi\Desktop\часики\itsFine\0002.png
Trace|Loading image 3...
Trace|Image was loaded from file C:\Users\terpssi\Desktop\часики\itsFine\0003.png
Trace|Loading resources for 3.1.2 'ImageSet'
Trace|Loading image 4...
Trace|Image was loaded from file C:\Users\terpssi\Desktop\часики\itsFine\0004.png
Trace|Loading image 5...
Trace|Image was loaded from file C:\Users\terpssi\Desktop\часики\itsFine\0005.png
Trace|Loading image 6...
Trace|Image was loaded from file C:\Users\terpssi\Desktop\часики\itsFine\0006.png
Trace|Loading image 7...
Trace|Image was loaded from file C:\Users\terpssi\Desktop\часики\itsFine\0007.png
Trace|Loading image 8...
Trace|Image was loaded from file C:\Users\terpssi\Desktop\часики\itsFine\0008.png
Trace|Loading image 9...
Trace|Image was loaded from file C:\Users\terpssi\Desktop\часики\itsFine\0009.png
Trace|Loading image 10...
Trace|Image was loaded from file C:\Users\terpssi\Desktop\часики\itsFine\0010.png
Trace|Loading resources for 3.2 'TwoDigits'
Trace|Loading resources for 3.2.1 'ImageSet'
Trace|Loading image 11...
Trace|Image was loaded from file C:\Users\terpssi\Desktop\часики\itsFine\0011.png
Trace|Loading image 12...
Trace|Image was loaded from file C:\Users\terpssi\Desktop\часики\itsFine\0012.png
Trace|Loading image 13...
Trace|Image was loaded from file C:\Users\terpssi\Desktop\часики\itsFine\0013.png
Trace|Loading image 14...
Trace|Image was loaded from file C:\Users\terpssi\Desktop\часики\itsFine\0014.png
Trace|Loading image 15...
Trace|Image was loaded from file C:\Users\terpssi\Desktop\часики\itsFine\0015.png
Trace|Loading image 16...
Trace|Image was loaded from file C:\Users\terpssi\Desktop\часики\itsFine\0016.png
Trace|Loading resources for 3.2.2 'ImageSet'
Trace|Loading image 17...
Trace|Image was loaded from file C:\Users\terpssi\Desktop\часики\itsFine\0017.png
Trace|Loading image 18...
Trace|Image was loaded from file C:\Users\terpssi\Desktop\часики\itsFine\0018.png
Trace|Loading image 19...
Trace|Image was loaded from file C:\Users\terpssi\Desktop\часики\itsFine\0019.png
Trace|Loading image 20...
Trace|Image was loaded from file C:\Users\terpssi\Desktop\часики\itsFine\0020.png
Trace|Loading resources for 4 'Activity'
Trace|Loading resources for 4.1 'Steps'
Trace|Loading resources for 4.1.1 'Number'
Trace|Loading resources for 4.1.1.5 'TextAlignment'
Trace|Loading image 21...
Trace|Image was loaded from file C:\Users\terpssi\Desktop\часики\itsFine\0021.png
Trace|Loading image 22...
Trace|Image was loaded from file C:\Users\terpssi\Desktop\часики\itsFine\0022.png
Trace|Loading image 23...
Trace|Image was loaded from file C:\Users\terpssi\Desktop\часики\itsFine\0023.png
Trace|Loading image 24...
Trace|Image was loaded from file C:\Users\terpssi\Desktop\часики\itsFine\0024.png
Trace|Loading image 25...
Trace|Image was loaded from file C:\Users\terpssi\Desktop\часики\itsFine\0025.png
Trace|Loading image 26...
Trace|Image was loaded from file C:\Users\terpssi\Desktop\часики\itsFine\0026.png
Trace|Loading image 27...
Trace|Image was loaded from file C:\Users\terpssi\Desktop\часики\itsFine\0027.png
Trace|Loading image 28...
Trace|Image was loaded from file C:\Users\terpssi\Desktop\часики\itsFine\0028.png
Trace|Loading image 29...
Trace|Image was loaded from file C:\Users\terpssi\Desktop\часики\itsFine\0029.png
Trace|Loading image 30...
Trace|Image was loaded from file C:\Users\terpssi\Desktop\часики\itsFine\0030.png
Trace|Loading resources for 5 'Date'
Trace|Loading resources for 5.1 'MonthAndDay'
Trace|Loading resources for 5.1.1 'SeparateMonthAndDay'
Trace|Loading resources for 5.1.1.1 'Number'
Trace|Loading resources for 5.1.1.1.5 'TextAlignment'
Trace|Loading image 31...
Trace|Image was loaded from file C:\Users\terpssi\Desktop\часики\itsFine\0031.png
Trace|Loading image 32...
Trace|Image was loaded from file C:\Users\terpssi\Desktop\часики\itsFine\0032.png
Trace|Loading image 33...
Trace|Image was loaded from file C:\Users\terpssi\Desktop\часики\itsFine\0033.png
Trace|Loading image 34...
Trace|Image was loaded from file C:\Users\terpssi\Desktop\часики\itsFine\0034.png
Trace|Loading image 35...
Trace|Image was loaded from file C:\Users\terpssi\Desktop\часики\itsFine\0035.png
Trace|Loading image 36...
Trace|Image was loaded from file C:\Users\terpssi\Desktop\часики\itsFine\0036.png
Trace|Loading image 37...
Trace|Image was loaded from file C:\Users\terpssi\Desktop\часики\itsFine\0037.png
Trace|Loading image 38...
Trace|Image was loaded from file C:\Users\terpssi\Desktop\часики\itsFine\0038.png
Trace|Loading image 39...
Trace|Image was loaded from file C:\Users\terpssi\Desktop\часики\itsFine\0039.png
Trace|Loading image 40...
Trace|Image was loaded from file C:\Users\terpssi\Desktop\часики\itsFine\0040.png
Trace|Loading resources for 5.1.1.3 'Number'
Trace|Loading resources for 5.1.1.3.5 'TextAlignment'
Trace|Loading resources for 5.1.3 'Boolean'
Trace|Loading resources for 5.1.4 'Boolean'
Trace|Loading resources for 5.2 'ImageSet'
Trace|Loading image 120...
Trace|Image was loaded from file C:\Users\terpssi\Desktop\часики\itsFine\0120.png
Trace|Loading image 121...
Trace|Image was loaded from file C:\Users\terpssi\Desktop\часики\itsFine\0121.png
Trace|Loading image 122...
Trace|Image was loaded from file C:\Users\terpssi\Desktop\часики\itsFine\0122.png
Trace|Loading image 123...
Trace|Image was loaded from file C:\Users\terpssi\Desktop\часики\itsFine\0123.png
Trace|Loading image 124...
Trace|Image was loaded from file C:\Users\terpssi\Desktop\часики\itsFine\0124.png
Trace|Loading image 125...
Trace|Image was loaded from file C:\Users\terpssi\Desktop\часики\itsFine\0125.png
Trace|Loading image 126...
Trace|Image was loaded from file C:\Users\terpssi\Desktop\часики\itsFine\0126.png
Trace|Loading image 127...
Trace|Image was loaded from file C:\Users\terpssi\Desktop\часики\itsFine\0127.png
Trace|Loading image 128...
Trace|Image was loaded from file C:\Users\terpssi\Desktop\часики\itsFine\0128.png
Trace|Loading image 129...
Trace|Image was loaded from file C:\Users\terpssi\Desktop\часики\itsFine\0129.png
Trace|Loading image 130...
Trace|Image was loaded from file C:\Users\terpssi\Desktop\часики\itsFine\0130.png
Trace|Loading image 131...
Trace|Image was loaded from file C:\Users\terpssi\Desktop\часики\itsFine\0131.png
Trace|Loading image 132...
Trace|Image was loaded from file C:\Users\terpssi\Desktop\часики\itsFine\0132.png
Trace|Loading image 133...
Trace|Image was loaded from file C:\Users\terpssi\Desktop\часики\itsFine\0133.png
Trace|Loading image 134...
Trace|Image was loaded from file C:\Users\terpssi\Desktop\часики\itsFine\0134.png
Trace|Loading image 135...
Trace|Image was loaded from file C:\Users\terpssi\Desktop\часики\itsFine\0135.png
Trace|Loading image 136...
Trace|Image was loaded from file C:\Users\terpssi\Desktop\часики\itsFine\0136.png
Trace|Loading image 137...
Trace|Image was loaded from file C:\Users\terpssi\Desktop\часики\itsFine\0137.png
Trace|Loading image 138...
Trace|Image was loaded from file C:\Users\terpssi\Desktop\часики\itsFine\0138.png
Trace|Loading image 139...
Trace|Image was loaded from file C:\Users\terpssi\Desktop\часики\itsFine\0139.png
Trace|Loading image 140...
Trace|Image was loaded from file C:\Users\terpssi\Desktop\часики\itsFine\0140.png
Trace|Loading resources for 7 'StepsProgress'
Trace|Loading resources for 7.2 'Scale'
Trace|Loading image 70...
Trace|Image was loaded from file C:\Users\terpssi\Desktop\часики\itsFine\0070.png
Trace|Loading image 71...
Trace|Image was loaded from file C:\Users\terpssi\Desktop\часики\itsFine\0071.png
Trace|Loading image 72...
Trace|Image was loaded from file C:\Users\terpssi\Desktop\часики\itsFine\0072.png
Trace|Loading image 73...
Trace|Image was loaded from file C:\Users\terpssi\Desktop\часики\itsFine\0073.png
Trace|Loading image 74...
Trace|Image was loaded from file C:\Users\terpssi\Desktop\часики\itsFine\0074.png
Trace|Loading image 75...
Trace|Image was loaded from file C:\Users\terpssi\Desktop\часики\itsFine\0075.png
Trace|Loading resources for 8 'Status'
Trace|Loading resources for 8.1 'Switch'
Trace|Loading resources for 8.1.1 'Coordinates'
Trace|Loading resources for 8.1.1.4 'TextAlignment'
Trace|Loading image 117...
Trace|Image was loaded from file C:\Users\terpssi\Desktop\часики\itsFine\0117.png
Trace|Loading resources for 8.2 'Switch'
Trace|Loading resources for 8.2.1 'Coordinates'
Trace|Loading resources for 8.2.1.4 'TextAlignment'
Trace|Loading resources for 8.3 'Switch'
Trace|Loading resources for 8.3.1 'Coordinates'
Trace|Loading resources for 8.3.1.4 'TextAlignment'
Trace|Loading image 119...
Trace|File C:\Users\terpssi\Desktop\часики\itsFine\0119.png doesn't exists.
Trace|Image was loaded from file C:\Users\terpssi\Desktop\часики\itsFine\119.png
Trace|Loading resources for 8.4 'Battery'
Trace|Loading resources for 8.4.1 'BatteryCfg'
Trace|Loading resources for 8.4.1.2 'TextAlignment'
Trace|Loading resources for 8.4.2 'Number'
Trace|Loading resources for 8.4.2.5 'TextAlignment'
Trace|Building parameters for watch face...
Trace|2.1.1 'X': 0
Trace|2.1.2 'Y': 0
Trace|2.1.3 'ImageIndex': 0
Trace|2.1 'Image'
Trace|2 'Background'
Trace|3.1.1.1 'X': 14
Trace|3.1.1.2 'Y': 14
Trace|3.1.1.3 'ImageIndex': 1
Trace|3.1.1.4 'ImagesCount': 3
Trace|3.1.1 'Tens'
Trace|3.1.2.1 'X': 37
Trace|3.1.2.2 'Y': 14
Trace|3.1.2.3 'ImageIndex': 1
Trace|3.1.2.4 'ImagesCount': 10
Trace|3.1.2 'Ones'
Trace|3.1 'Hours'
Trace|3.2.1.1 'X': 60
Trace|3.2.1.2 'Y': 14
Trace|3.2.1.3 'ImageIndex': 11
Trace|3.2.1.4 'ImagesCount': 6
Trace|3.2.1 'Tens'
Trace|3.2.2.1 'X': 75
Trace|3.2.2.2 'Y': 14
Trace|3.2.2.3 'ImageIndex': 11
Trace|3.2.2.4 'ImagesCount': 10
Trace|3.2.2 'Ones'
Trace|3.2 'Minutes'
Trace|3 'Time'
Trace|4.1.1.1 'TopLeftX': 82
Trace|4.1.1.2 'TopLeftY': 98
Trace|4.1.1.3 'BottomRightX': 117
Trace|4.1.1.4 'BottomRightY': 107
Trace|4.1.1.5 'Alignment': 72
Trace|4.1.1.6 'Spacing': 1
Trace|4.1.1.7 'ImageIndex': 21
Trace|4.1.1.8 'ImagesCount': 10
Trace|4.1.1 'Number'
Trace|4.1 'Steps'
Trace|4 'Activity'
Trace|5.1.1.1.1 'TopLeftX': 60
Trace|5.1.1.1.2 'TopLeftY': 43
Trace|5.1.1.1.3 'BottomRightX': 75
Trace|5.1.1.1.4 'BottomRightY': 54
Trace|5.1.1.1.5 'Alignment': 2
Trace|5.1.1.1.6 'Spacing': 1
Trace|5.1.1.1.7 'ImageIndex': 31
Trace|5.1.1.1.8 'ImagesCount': 10
Trace|5.1.1.1 'Month'
Trace|5.1.1.3.1 'TopLeftX': 78
Trace|5.1.1.3.2 'TopLeftY': 43
Trace|5.1.1.3.3 'BottomRightX': 93
Trace|5.1.1.3.4 'BottomRightY': 54
Trace|5.1.1.3.5 'Alignment': 2
Trace|5.1.1.3.6 'Spacing': 1
Trace|5.1.1.3.7 'ImageIndex': 31
Trace|5.1.1.3.8 'ImagesCount': 10
Trace|5.1.1.3 'Day'
Trace|5.1.1 'Separate'
Trace|5.1.3 'TwoDigitsMonth': 1
Trace|5.1.4 'TwoDigitsDay': 1
Trace|5.1 'MonthAndDay'
Trace|5.2.1 'X': 93
Trace|5.2.2 'Y': 24
Trace|5.2.3 'ImageIndex': 49
Trace|5.2.4 'ImagesCount': 21
Trace|5.2 'WeekDay'
Trace|5 'Date'
Trace|7.2.1 'StartImageIndex': 41
Trace|7.2.2 'Segments'
Trace|7.2.2.1 'X': 0
Trace|7.2.2.2 'Y': 0
Trace|7.2.2 'Segments'
Trace|7.2.2.1 'X': 0
Trace|7.2.2.2 'Y': 0
Trace|7.2.2 'Segments'
Trace|7.2.2.1 'X': 0
Trace|7.2.2.2 'Y': 0
Trace|7.2.2 'Segments'
Trace|7.2.2.1 'X': 0
Trace|7.2.2.2 'Y': 0
Trace|7.2.2 'Segments'
Trace|7.2.2.1 'X': 0
Trace|7.2.2.2 'Y': 0
Trace|7.2.2 'Segments'
Trace|7.2.2.1 'X': 0
Trace|7.2.2.2 'Y': 0
Trace|7.2 'Linear'
Trace|7 'StepsProgress'
Trace|8.1.1.1 'X': 36
Trace|8.1.1.2 'Y': 6
Trace|8.1.1.3 'BoxWidth': 17
Trace|8.1.1.4 'Alignment': 0
Trace|8.1.1.5 'Order': 1
Trace|8.1.1 'Coordinates'
Trace|8.1.2 'ImageIndexOn': 47
Trace|8.1 'DoNotDisturb'
Trace|8.2.1.1 'X': 5
Trace|8.2.1.2 'Y': 6
Trace|8.2.1.3 'BoxWidth': 17
Trace|8.2.1.4 'Alignment': 0
Trace|8.2.1.5 'Order': 1
Trace|8.2.1 'Coordinates'
Trace|8.2.2 'ImageIndexOn': 47
Trace|8.2 'Lock'
Trace|8.3.1.1 'X': 110
Trace|8.3.1.2 'Y': 0
Trace|8.3.1.3 'BoxWidth': 12
Trace|8.3.1.4 'Alignment': 0
Trace|8.3.1.5 'Order': 1
Trace|8.3.1 'Coordinates'
Trace|8.3.3 'ImageIndexOff': 48
Trace|8.3 'Bluetooth'
Trace|8.4.1.1 'BoxWidth': 0
Trace|8.4.1.2 'Alignment': 0
Trace|8.4.1.3 'Order': 0
Trace|8.4.1 'BatteryConfig'
Trace|8.4.2.1 'TopLeftX': 0
Trace|8.4.2.2 'TopLeftY': 63
Trace|8.4.2.3 'BottomRightX': 19
Trace|8.4.2.4 'BottomRightY': 73
Trace|8.4.2.5 'Alignment': 4
Trace|8.4.2.6 'Spacing': 1
Trace|8.4.2.7 'ImageIndex': 21
Trace|8.4.2.8 'ImagesCount': 10
Trace|8.4.2 'Text'
Trace|8.4 'Battery'
Trace|8 'Status'
Debug|Generating previews...
Debug|Writing watch face to 'C:\Users\terpssi\Desktop\часики\itsFine\itsfine_packed.bin'
Trace|Encoding parameters...
Trace|Parameter: 2
Trace|1 (0A):
Trace|    1 (08): 0 (00)
Trace|    2 (10): 0 (00)
Trace|    3 (18): 0 (00)
Trace|8 bytes
Trace|Parameter: 3
Trace|1 (0A):
Trace|    1 (0A):
Trace|        1 (08): 14 (0E)
Trace|        2 (10): 14 (0E)
Trace|        3 (18): 1 (01)
Trace|        4 (20): 3 (03)
Trace|    10 bytes
Trace|    2 (12):
Trace|        1 (08): 37 (25)
Trace|        2 (10): 14 (0E)
Trace|        3 (18): 1 (01)
Trace|        4 (20): 10 (0A)
Trace|    10 bytes
Trace|22 bytes
Trace|2 (12):
Trace|    1 (0A):
Trace|        1 (08): 60 (3C)
Trace|        2 (10): 14 (0E)
Trace|        3 (18): 11 (0B)
Trace|        4 (20): 6 (06)
Trace|    10 bytes
Trace|    2 (12):
Trace|        1 (08): 75 (4B)
Trace|        2 (10): 14 (0E)
Trace|        3 (18): 11 (0B)
Trace|        4 (20): 10 (0A)
Trace|    10 bytes
Trace|22 bytes
Trace|Parameter: 4
Trace|1 (0A):
Trace|    1 (0A):
Trace|        1 (08): 82 (52)
Trace|        2 (10): 98 (62)
Trace|        3 (18): 117 (75)
Trace|        4 (20): 107 (6B)
Trace|        5 (28): 72 (48)
Trace|        6 (30): 1 (01)
Trace|        7 (38): 21 (15)
Trace|        8 (40): 10 (0A)
Trace|    18 bytes
Trace|20 bytes
Trace|Parameter: 5
Trace|1 (0A):
Trace|    1 (0A):
Trace|        1 (0A):
Trace|            1 (08): 60 (3C)
Trace|            2 (10): 43 (2B)
Trace|            3 (18): 75 (4B)
Trace|            4 (20): 54 (36)
Trace|            5 (28): 2 (02)
Trace|            6 (30): 1 (01)
Trace|            7 (38): 31 (1F)
Trace|            8 (40): 10 (0A)
Trace|        18 bytes
Trace|        3 (1A):
Trace|            1 (08): 78 (4E)
Trace|            2 (10): 43 (2B)
Trace|            3 (18): 93 (5D)
Trace|            4 (20): 54 (36)
Trace|            5 (28): 2 (02)
Trace|            6 (30): 1 (01)
Trace|            7 (38): 31 (1F)
Trace|            8 (40): 10 (0A)
Trace|        18 bytes
Trace|    38 bytes
Trace|    3 (18): 1 (01)
Trace|    4 (20): 1 (01)
Trace|44 bytes
Trace|2 (12):
Trace|    1 (08): 93 (5D)
Trace|    2 (10): 24 (18)
Trace|    3 (18): 49 (31)
Trace|    4 (20): 21 (15)
Trace|10 bytes
Trace|Parameter: 7
Trace|2 (12):
Trace|    1 (08): 41 (29)
Trace|    2 (12):
Trace|        1 (08): 0 (00)
Trace|        2 (10): 0 (00)
Trace|    6 bytes
Trace|    2 (12):
Trace|        1 (08): 0 (00)
Trace|        2 (10): 0 (00)
Trace|    6 bytes
Trace|    2 (12):
Trace|        1 (08): 0 (00)
Trace|        2 (10): 0 (00)
Trace|    6 bytes
Trace|    2 (12):
Trace|        1 (08): 0 (00)
Trace|        2 (10): 0 (00)
Trace|    6 bytes
Trace|    2 (12):
Trace|        1 (08): 0 (00)
Trace|        2 (10): 0 (00)
Trace|    6 bytes
Trace|    2 (12):
Trace|        1 (08): 0 (00)
Trace|        2 (10): 0 (00)
Trace|    6 bytes
Trace|40 bytes
Trace|Parameter: 8
Trace|1 (0A):
Trace|    1 (0A):
Trace|        1 (08): 36 (24)
Trace|        2 (10): 6 (06)
Trace|        3 (18): 17 (11)
Trace|        4 (20): 0 (00)
Trace|        5 (28): 1 (01)
Trace|    12 bytes
Trace|    2 (10): 47 (2F)
Trace|16 bytes
Trace|2 (12):
Trace|    1 (0A):
Trace|        1 (08): 5 (05)
Trace|        2 (10): 6 (06)
Trace|        3 (18): 17 (11)
Trace|        4 (20): 0 (00)
Trace|        5 (28): 1 (01)
Trace|    12 bytes
Trace|    2 (10): 47 (2F)
Trace|16 bytes
Trace|3 (1A):
Trace|    1 (0A):
Trace|        1 (08): 110 (6E)
Trace|        2 (10): 0 (00)
Trace|        3 (18): 12 (0C)
Trace|        4 (20): 0 (00)
Trace|        5 (28): 1 (01)
Trace|    12 bytes
Trace|    3 (18): 48 (30)
Trace|16 bytes
Trace|4 (22):
Trace|    1 (0A):
Trace|        1 (08): 0 (00)
Trace|        2 (10): 0 (00)
Trace|        3 (18): 0 (00)
Trace|    8 bytes
Trace|    2 (12):
Trace|        1 (08): 0 (00)
Trace|        2 (10): 63 (3F)
Trace|        3 (18): 19 (13)
Trace|        4 (20): 73 (49)
Trace|        5 (28): 4 (04)
Trace|        6 (30): 1 (01)
Trace|        7 (38): 21 (15)
Trace|        8 (40): 10 (0A)
Trace|    18 bytes
Trace|28 bytes
Trace|Encoding offsets and lengths...
Trace|1 (0A):
Trace|    1 (08): 242 (F2)
Trace|    2 (10): 70 (46)
Trace|7 bytes
Trace|2 (12):
Trace|    1 (08): 0 (00)
Trace|    2 (10): 8 (08)
Trace|6 bytes
Trace|3 (1A):
Trace|    1 (08): 8 (08)
Trace|    2 (10): 44 (2C)
Trace|6 bytes
Trace|4 (22):
Trace|    1 (08): 52 (34)
Trace|    2 (10): 20 (14)
Trace|6 bytes
Trace|5 (2A):
Trace|    1 (08): 72 (48)
Trace|    2 (10): 54 (36)
Trace|6 bytes
Trace|7 (3A):
Trace|    1 (08): 126 (7E)
Trace|    2 (10): 40 (28)
Trace|6 bytes
Trace|8 (42):
Trace|    1 (08): 166 (A6)
Trace|    2 (10): 76 (4C)
Trace|7 bytes
Trace|Writing header...
Trace|Writing parameters offsets and lengths...
Trace|Writing parameters...
Trace|Writing images...
Trace|Resource 0 offset is 0...
Debug|Encoding resource 0...
Trace|Writing image in Palette mode
Trace|Extracting palette...
Trace|Palette item 0: R 96, G 8D, B 44
Trace|Palette item 1: R BC, G 7E, B 45
Trace|Palette item 2: R B7, G 8D, B 65
Trace|Palette item 3: R EC, G AB, B 54
Trace|Palette item 4: R F6, G E5, B 82
Trace|Palette item 5: R 7E, G 6A, B 48
Trace|Palette item 6: R 29, G 1A, B 0B
Trace|Palette item 7: R 00, G 00, B 00
Trace|Palette item 8: R 54, G 3C, B 1D
Trace|Palette item 9: R 86, G 5B, B 24
Trace|Palette item 10: R FF, G FF, B FF
Trace|Palette item 11: R E6, G 9C, B 2B
Trace|Palette item 12: R F7, G E9, B 4D
Trace|Palette item 13: R EE, G DA, B 27
Trace|Bits per pixel Estimated:4, Used:4
Trace|Writing image header...
Trace|Width: 120, Height: 240, RowLength: 60
Trace|BPP: 4, PaletteColors: 14, Transaparency: 0
Trace|Writing palette...
Trace|Writing image...
Trace|Resource 1 offset is 14472...
Debug|Encoding resource 1...
Trace|Writing image in Palette mode
Trace|Extracting palette...
Trace|Palette item 0: R FF, G FF, B FF, Transaparent color
Trace|Palette item 1: R 00, G 00, B 00
Trace|Bits per pixel Estimated:1, Used:2
Trace|Writing image header...
Trace|Width: 20, Height: 39, RowLength: 5
Trace|BPP: 2, PaletteColors: 2, Transaparency: 1
Trace|Writing palette...
Trace|Writing image...
Trace|Resource 2 offset is 14691...
Debug|Encoding resource 2...
Trace|Writing image in Palette mode
Trace|Extracting palette...
Trace|Palette item 0: R FF, G FF, B FF, Transaparent color
Trace|Palette item 1: R 00, G 00, B 00
Trace|Bits per pixel Estimated:1, Used:2
Trace|Writing image header...
Trace|Width: 20, Height: 39, RowLength: 5
Trace|BPP: 2, PaletteColors: 2, Transaparency: 1
Trace|Writing palette...
Trace|Writing image...
Trace|Resource 3 offset is 14910...
Debug|Encoding resource 3...
Trace|Writing image in Palette mode
Trace|Extracting palette...
Trace|Palette item 0: R FF, G FF, B FF, Transaparent color
Trace|Palette item 1: R 00, G 00, B 00
Trace|Bits per pixel Estimated:1, Used:2
Trace|Writing image header...
Trace|Width: 20, Height: 39, RowLength: 5
Trace|BPP: 2, PaletteColors: 2, Transaparency: 1
Trace|Writing palette...
Trace|Writing image...
Trace|Resource 4 offset is 15129...
Debug|Encoding resource 4...
Trace|Writing image in Palette mode
Trace|Extracting palette...
Trace|Palette item 0: R FF, G FF, B FF, Transaparent color
Trace|Palette item 1: R 00, G 00, B 00
Trace|Palette item 2: R 0C, G 06, B 08
Trace|Palette item 3: R 0B, G 04, B 05
Trace|Bits per pixel Estimated:2, Used:2
Trace|Writing image header...
Trace|Width: 20, Height: 39, RowLength: 5
Trace|BPP: 2, PaletteColors: 4, Transaparency: 1
Trace|Writing palette...
Trace|Writing image...
Trace|Resource 5 offset is 15356...
Debug|Encoding resource 5...
Trace|Writing image in Palette mode
Trace|Extracting palette...
Trace|Palette item 0: R FF, G FF, B FF, Transaparent color
Trace|Palette item 1: R 00, G 00, B 00
Trace|Palette item 2: R 10, G 0A, B 0C
Trace|Palette item 3: R 0B, G 05, B 07
Trace|Bits per pixel Estimated:2, Used:2
Trace|Writing image header...
Trace|Width: 20, Height: 39, RowLength: 5
Trace|BPP: 2, PaletteColors: 4, Transaparency: 1
Trace|Writing palette...
Trace|Writing image...
Trace|Resource 6 offset is 15583...
Debug|Encoding resource 6...
Trace|Writing image in Palette mode
Trace|Extracting palette...
Trace|Palette item 0: R FF, G FF, B FF, Transaparent color
Trace|Palette item 1: R 00, G 00, B 00
Trace|Palette item 2: R 30, G 2B, B 30
Trace|Bits per pixel Estimated:2, Used:2
Trace|Writing image header...
Trace|Width: 20, Height: 39, RowLength: 5
Trace|BPP: 2, PaletteColors: 3, Transaparency: 1
Trace|Writing palette...
Trace|Writing image...
Trace|Resource 7 offset is 15806...
Debug|Encoding resource 7...
Trace|Writing image in Palette mode
Trace|Extracting palette...
Trace|Palette item 0: R FF, G FF, B FF, Transaparent color
Trace|Palette item 1: R 00, G 00, B 00
Trace|Palette item 2: R 27, G 22, B 22
Trace|Palette item 3: R 0A, G 03, B 01
Trace|Palette item 4: R 34, G 30, B 37
Trace|Bits per pixel Estimated:3, Used:4
Trace|Writing image header...
Trace|Width: 20, Height: 39, RowLength: 10
Trace|BPP: 4, PaletteColors: 5, Transaparency: 1
Trace|Writing palette...
Trace|Writing image...
Trace|Resource 8 offset is 16232...
Debug|Encoding resource 8...
Trace|Writing image in Palette mode
Trace|Extracting palette...
Trace|Palette item 0: R 00, G 00, B 00
Trace|Palette item 1: R FF, G FF, B FF, Transaparent color
Trace|Palette item 2: R 1D, G 17, B 16
Trace|Palette item 3: R 0E, G 06, B 00
Trace|Palette item 4: R 10, G 09, B 0B
Trace|Palette item 5: R 13, G 0E, B 0B
Trace|Bits per pixel Estimated:3, Used:4
Trace|Writing image header...
Trace|Width: 20, Height: 39, RowLength: 10
Trace|BPP: 4, PaletteColors: 6, Transaparency: 1
Trace|Writing palette...
Trace|Writing image...
Trace|Resource 9 offset is 16662...
Debug|Encoding resource 9...
Trace|Writing image in Palette mode
Trace|Extracting palette...
Trace|Palette item 0: R FF, G FF, B FF, Transaparent color
Trace|Palette item 1: R 00, G 00, B 00
Trace|Palette item 2: R 1C, G 15, B 09
Trace|Palette item 3: R 0B, G 03, B 00
Trace|Palette item 4: R 29, G 22, B 23
Trace|Palette item 5: R 0C, G 05, B 05
Trace|Palette item 6: R 43, G 3F, B 4C
Trace|Palette item 7: R 0F, G 08, B 00
Trace|Palette item 8: R 18, G 11, B 05
Trace|Palette item 9: R 1B, G 16, B 18
Trace|Palette item 10: R 11, G 0A, B 05
Trace|Palette item 11: R 16, G 10, B 12
Trace|Palette item 12: R 0E, G 09, B 0B
Trace|Palette item 13: R 38, G 33, B 39
Trace|Bits per pixel Estimated:4, Used:4
Trace|Writing image header...
Trace|Width: 20, Height: 39, RowLength: 10
Trace|BPP: 4, PaletteColors: 14, Transaparency: 1
Trace|Writing palette...
Trace|Writing image...
Trace|Resource 10 offset is 17124...
Debug|Encoding resource 10...
Trace|Writing image in Palette mode
Trace|Extracting palette...
Trace|Palette item 0: R FF, G FF, B FF, Transaparent color
Trace|Palette item 1: R 00, G 00, B 00
Trace|Palette item 2: R 0F, G 0C, B 0D
Trace|Palette item 3: R 2E, G 29, B 2B
Trace|Palette item 4: R 18, G 13, B 15
Trace|Palette item 5: R 0E, G 07, B 06
Trace|Palette item 6: R 16, G 10, B 05
Trace|Palette item 7: R 0A, G 03, B 01
Trace|Palette item 8: R 06, G 00, B 00
Trace|Palette item 9: R 25, G 20, B 22
Trace|Bits per pixel Estimated:4, Used:4
Trace|Writing image header...
Trace|Width: 20, Height: 39, RowLength: 10
Trace|BPP: 4, PaletteColors: 10, Transaparency: 1
Trace|Writing palette...
Trace|Writing image...
Trace|Resource 11 offset is 17570...
Debug|Encoding resource 11...
Trace|Writing image in Palette mode
Trace|Extracting palette...
Trace|Palette item 0: R FF, G FF, B FF, Transaparent color
Trace|Palette item 1: R 00, G 00, B 00
Trace|Palette item 2: R FF, G FF, B FF
Trace|Bits per pixel Estimated:2, Used:2
Trace|Writing image header...
Trace|Width: 13, Height: 24, RowLength: 4
Trace|BPP: 2, PaletteColors: 3, Transaparency: 1
Trace|Writing palette...
Trace|Writing image...
Trace|Resource 12 offset is 17694...
Debug|Encoding resource 12...
Trace|Writing image in Palette mode
Trace|Extracting palette...
Trace|Palette item 0: R FF, G FF, B FF, Transaparent color
Trace|Palette item 1: R 00, G 00, B 00
Trace|Bits per pixel Estimated:1, Used:2
Trace|Writing image header...
Trace|Width: 13, Height: 24, RowLength: 4
Trace|BPP: 2, PaletteColors: 2, Transaparency: 1
Trace|Writing palette...
Trace|Writing image...
Trace|Resource 13 offset is 17814...
Debug|Encoding resource 13...
Trace|Writing image in Palette mode
Trace|Extracting palette...
Trace|Palette item 0: R FF, G FF, B FF, Transaparent color
Trace|Palette item 1: R 00, G 00, B 00
Trace|Palette item 2: R FF, G FF, B FF
Trace|Bits per pixel Estimated:2, Used:2
Trace|Writing image header...
Trace|Width: 13, Height: 24, RowLength: 4
Trace|BPP: 2, PaletteColors: 3, Transaparency: 1
Trace|Writing palette...
Trace|Writing image...
Trace|Resource 14 offset is 17938...
Debug|Encoding resource 14...
Trace|Writing image in Palette mode
Trace|Extracting palette...
Trace|Palette item 0: R FF, G FF, B FF, Transaparent color
Trace|Palette item 1: R 00, G 00, B 00
Trace|Palette item 2: R FF, G FF, B FF
Trace|Bits per pixel Estimated:2, Used:2
Trace|Writing image header...
Trace|Width: 13, Height: 24, RowLength: 4
Trace|BPP: 2, PaletteColors: 3, Transaparency: 1
Trace|Writing palette...
Trace|Writing image...
Trace|Resource 15 offset is 18062...
Debug|Encoding resource 15...
Trace|Writing image in Palette mode
Trace|Extracting palette...
Trace|Palette item 0: R FF, G FF, B FF, Transaparent color
Trace|Palette item 1: R 00, G 00, B 00
Trace|Palette item 2: R FF, G FF, B FF
Trace|Palette item 3: R 09, G 03, B 04
Trace|Bits per pixel Estimated:2, Used:2
Trace|Writing image header...
Trace|Width: 13, Height: 24, RowLength: 4
Trace|BPP: 2, PaletteColors: 4, Transaparency: 1
Trace|Writing palette...
Trace|Writing image...
Trace|Resource 16 offset is 18190...
Debug|Encoding resource 16...
Trace|Writing image in Palette mode
Trace|Extracting palette...
Trace|Palette item 0: R FF, G FF, B FF, Transaparent color
Trace|Palette item 1: R 00, G 00, B 00
Trace|Palette item 2: R 0C, G 09, B 0A
Trace|Palette item 3: R 31, G 2C, B 33
Trace|Bits per pixel Estimated:2, Used:2
Trace|Writing image header...
Trace|Width: 13, Height: 24, RowLength: 4
Trace|BPP: 2, PaletteColors: 4, Transaparency: 1
Trace|Writing palette...
Trace|Writing image...
Trace|Resource 17 offset is 18318...
Debug|Encoding resource 17...
Trace|Writing image in Palette mode
Trace|Extracting palette...
Trace|Palette item 0: R FF, G FF, B FF, Transaparent color
Trace|Palette item 1: R FF, G FF, B FF
Trace|Palette item 2: R 00, G 00, B 00
Trace|Bits per pixel Estimated:2, Used:2
Trace|Writing image header...
Trace|Width: 13, Height: 24, RowLength: 4
Trace|BPP: 2, PaletteColors: 3, Transaparency: 1
Trace|Writing palette...
Trace|Writing image...
Trace|Resource 18 offset is 18442...
Debug|Encoding resource 18...
Trace|Writing image in Palette mode
Trace|Extracting palette...
Trace|Palette item 0: R 00, G 00, B 00
Trace|Palette item 1: R FF, G FF, B FF
Trace|Palette item 2: R FF, G FF, B FF, Transaparent color
Trace|Palette item 3: R 10, G 09, B 09
Trace|Palette item 4: R 2B, G 26, B 28
Trace|Bits per pixel Estimated:3, Used:4
Trace|Writing image header...
Trace|Width: 13, Height: 24, RowLength: 7
Trace|BPP: 4, PaletteColors: 5, Transaparency: 1
Trace|Writing palette...
Trace|Writing image...
Trace|Resource 19 offset is 18646...
Debug|Encoding resource 19...
Trace|Writing image in Palette mode
Trace|Extracting palette...
Trace|Palette item 0: R FF, G FF, B FF, Transaparent color
Trace|Palette item 1: R 00, G 00, B 00
Trace|Palette item 2: R 24, G 1E, B 1D
Trace|Palette item 3: R FF, G FF, B FF
Trace|Palette item 4: R 16, G 11, B 13
Trace|Palette item 5: R 05, G 00, B 00
Trace|Palette item 6: R 1D, G 16, B 14
Trace|Palette item 7: R 09, G 03, B 03
Trace|Palette item 8: R 13, G 0C, B 0D
Trace|Bits per pixel Estimated:4, Used:4
Trace|Writing image header...
Trace|Width: 13, Height: 24, RowLength: 7
Trace|BPP: 4, PaletteColors: 9, Transaparency: 1
Trace|Writing palette...
Trace|Writing image...
Trace|Resource 20 offset is 18866...
Debug|Encoding resource 20...
Trace|Writing image in Palette mode
Trace|Extracting palette...
Trace|Palette item 0: R FF, G FF, B FF, Transaparent color
Trace|Palette item 1: R 00, G 00, B 00
Trace|Palette item 2: R 18, G 12, B 12
Trace|Palette item 3: R 2A, G 25, B 28
Trace|Bits per pixel Estimated:2, Used:2
Trace|Writing image header...
Trace|Width: 13, Height: 24, RowLength: 4
Trace|BPP: 2, PaletteColors: 4, Transaparency: 1
Trace|Writing palette...
Trace|Writing image...
Trace|Resource 21 offset is 18994...
Debug|Encoding resource 21...
Trace|Writing image in Palette mode
Trace|Extracting palette...
Trace|Palette item 0: R FF, G FF, B FF, Transaparent color
Trace|Palette item 1: R 00, G 00, B 00
Trace|Bits per pixel Estimated:1, Used:2
Trace|Writing image header...
Trace|Width: 6, Height: 10, RowLength: 2
Trace|BPP: 2, PaletteColors: 2, Transaparency: 1
Trace|Writing palette...
Trace|Writing image...
Trace|Resource 22 offset is 19038...
Debug|Encoding resource 22...
Trace|Writing image in Palette mode
Trace|Extracting palette...
Trace|Palette item 0: R FF, G FF, B FF, Transaparent color
Trace|Palette item 1: R 00, G 00, B 00
Trace|Bits per pixel Estimated:1, Used:2
Trace|Writing image header...
Trace|Width: 6, Height: 10, RowLength: 2
Trace|BPP: 2, PaletteColors: 2, Transaparency: 1
Trace|Writing palette...
Trace|Writing image...
Trace|Resource 23 offset is 19082...
Debug|Encoding resource 23...
Trace|Writing image in Palette mode
Trace|Extracting palette...
Trace|Palette item 0: R FF, G FF, B FF, Transaparent color
Trace|Palette item 1: R 00, G 00, B 00
Trace|Bits per pixel Estimated:1, Used:2
Trace|Writing image header...
Trace|Width: 6, Height: 10, RowLength: 2
Trace|BPP: 2, PaletteColors: 2, Transaparency: 1
Trace|Writing palette...
Trace|Writing image...
Trace|Resource 24 offset is 19126...
Debug|Encoding resource 24...
Trace|Writing image in Palette mode
Trace|Extracting palette...
Trace|Palette item 0: R FF, G FF, B FF, Transaparent color
Trace|Palette item 1: R 00, G 00, B 00
Trace|Bits per pixel Estimated:1, Used:2
Trace|Writing image header...
Trace|Width: 6, Height: 10, RowLength: 2
Trace|BPP: 2, PaletteColors: 2, Transaparency: 1
Trace|Writing palette...
Trace|Writing image...
Trace|Resource 25 offset is 19170...
Debug|Encoding resource 25...
Trace|Writing image in Palette mode
Trace|Extracting palette...
Trace|Palette item 0: R FF, G FF, B FF, Transaparent color
Trace|Palette item 1: R 00, G 00, B 00
Trace|Bits per pixel Estimated:1, Used:2
Trace|Writing image header...
Trace|Width: 6, Height: 10, RowLength: 2
Trace|BPP: 2, PaletteColors: 2, Transaparency: 1
Trace|Writing palette...
Trace|Writing image...
Trace|Resource 26 offset is 19214...
Debug|Encoding resource 26...
Trace|Writing image in Palette mode
Trace|Extracting palette...
Trace|Palette item 0: R 00, G 00, B 00
Trace|Palette item 1: R FF, G FF, B FF, Transaparent color
Trace|Bits per pixel Estimated:1, Used:2
Trace|Writing image header...
Trace|Width: 6, Height: 10, RowLength: 2
Trace|BPP: 2, PaletteColors: 2, Transaparency: 1
Trace|Writing palette...
Trace|Writing image...
Trace|Resource 27 offset is 19258...
Debug|Encoding resource 27...
Trace|Writing image in Palette mode
Trace|Extracting palette...
Trace|Palette item 0: R FF, G FF, B FF, Transaparent color
Trace|Palette item 1: R 00, G 00, B 00
Trace|Bits per pixel Estimated:1, Used:2
Trace|Writing image header...
Trace|Width: 6, Height: 10, RowLength: 2
Trace|BPP: 2, PaletteColors: 2, Transaparency: 1
Trace|Writing palette...
Trace|Writing image...
Trace|Resource 28 offset is 19302...
Debug|Encoding resource 28...
Trace|Writing image in Palette mode
Trace|Extracting palette...
Trace|Palette item 0: R 00, G 00, B 00
Trace|Palette item 1: R FF, G FF, B FF, Transaparent color
Trace|Bits per pixel Estimated:1, Used:2
Trace|Writing image header...
Trace|Width: 6, Height: 10, RowLength: 2
Trace|BPP: 2, PaletteColors: 2, Transaparency: 1
Trace|Writing palette...
Trace|Writing image...
Trace|Resource 29 offset is 19346...
Debug|Encoding resource 29...
Trace|Writing image in Palette mode
Trace|Extracting palette...
Trace|Palette item 0: R FF, G FF, B FF, Transaparent color
Trace|Palette item 1: R 00, G 00, B 00
Trace|Bits per pixel Estimated:1, Used:2
Trace|Writing image header...
Trace|Width: 6, Height: 10, RowLength: 2
Trace|BPP: 2, PaletteColors: 2, Transaparency: 1
Trace|Writing palette...
Trace|Writing image...
Trace|Resource 30 offset is 19390...
Debug|Encoding resource 30...
Trace|Writing image in Palette mode
Trace|Extracting palette...
Trace|Palette item 0: R FF, G FF, B FF, Transaparent color
Trace|Palette item 1: R 00, G 00, B 00
Trace|Bits per pixel Estimated:1, Used:2
Trace|Writing image header...
Trace|Width: 6, Height: 10, RowLength: 2
Trace|BPP: 2, PaletteColors: 2, Transaparency: 1
Trace|Writing palette...
Trace|Writing image...
Trace|Resource 31 offset is 19434...
Debug|Encoding resource 31...
Trace|Writing image in Palette mode
Trace|Extracting palette...
Trace|Palette item 0: R FF, G FF, B FF, Transaparent color
Trace|Palette item 1: R 00, G 00, B 00
Trace|Bits per pixel Estimated:1, Used:2
Trace|Writing image header...
Trace|Width: 7, Height: 11, RowLength: 2
Trace|BPP: 2, PaletteColors: 2, Transaparency: 1
Trace|Writing palette...
Trace|Writing image...
Trace|Resource 32 offset is 19480...
Debug|Encoding resource 32...
Trace|Writing image in Palette mode
Trace|Extracting palette...
Trace|Palette item 0: R FF, G FF, B FF, Transaparent color
Trace|Palette item 1: R 00, G 00, B 00
Trace|Bits per pixel Estimated:1, Used:2
Trace|Writing image header...
Trace|Width: 7, Height: 11, RowLength: 2
Trace|BPP: 2, PaletteColors: 2, Transaparency: 1
Trace|Writing palette...
Trace|Writing image...
Trace|Resource 33 offset is 19526...
Debug|Encoding resource 33...
Trace|Writing image in Palette mode
Trace|Extracting palette...
Trace|Palette item 0: R FF, G FF, B FF, Transaparent color
Trace|Palette item 1: R 00, G 00, B 00
Trace|Bits per pixel Estimated:1, Used:2
Trace|Writing image header...
Trace|Width: 7, Height: 11, RowLength: 2
Trace|BPP: 2, PaletteColors: 2, Transaparency: 1
Trace|Writing palette...
Trace|Writing image...
Trace|Resource 34 offset is 19572...
Debug|Encoding resource 34...
Trace|Writing image in Palette mode
Trace|Extracting palette...
Trace|Palette item 0: R 00, G 00, B 00
Trace|Palette item 1: R FF, G FF, B FF, Transaparent color
Trace|Bits per pixel Estimated:1, Used:2
Trace|Writing image header...
Trace|Width: 7, Height: 11, RowLength: 2
Trace|BPP: 2, PaletteColors: 2, Transaparency: 1
Trace|Writing palette...
Trace|Writing image...
Trace|Resource 35 offset is 19618...
Debug|Encoding resource 35...
Trace|Writing image in Palette mode
Trace|Extracting palette...
Trace|Palette item 0: R FF, G FF, B FF, Transaparent color
Trace|Palette item 1: R 00, G 00, B 00
Trace|Bits per pixel Estimated:1, Used:2
Trace|Writing image header...
Trace|Width: 7, Height: 11, RowLength: 2
Trace|BPP: 2, PaletteColors: 2, Transaparency: 1
Trace|Writing palette...
Trace|Writing image...
Trace|Resource 36 offset is 19664...
Debug|Encoding resource 36...
Trace|Writing image in Palette mode
Trace|Extracting palette...
Trace|Palette item 0: R FF, G FF, B FF, Transaparent color
Trace|Palette item 1: R 00, G 00, B 00
Trace|Bits per pixel Estimated:1, Used:2
Trace|Writing image header...
Trace|Width: 7, Height: 11, RowLength: 2
Trace|BPP: 2, PaletteColors: 2, Transaparency: 1
Trace|Writing palette...
Trace|Writing image...
Trace|Resource 37 offset is 19710...
Debug|Encoding resource 37...
Trace|Writing image in Palette mode
Trace|Extracting palette...
Trace|Palette item 0: R FF, G FF, B FF, Transaparent color
Trace|Palette item 1: R 00, G 00, B 00
Trace|Bits per pixel Estimated:1, Used:2
Trace|Writing image header...
Trace|Width: 7, Height: 11, RowLength: 2
Trace|BPP: 2, PaletteColors: 2, Transaparency: 1
Trace|Writing palette...
Trace|Writing image...
Trace|Resource 38 offset is 19756...
Debug|Encoding resource 38...
Trace|Writing image in Palette mode
Trace|Extracting palette...
Trace|Palette item 0: R 00, G 00, B 00
Trace|Palette item 1: R FF, G FF, B FF, Transaparent color
Trace|Bits per pixel Estimated:1, Used:2
Trace|Writing image header...
Trace|Width: 7, Height: 11, RowLength: 2
Trace|BPP: 2, PaletteColors: 2, Transaparency: 1
Trace|Writing palette...
Trace|Writing image...
Trace|Resource 39 offset is 19802...
Debug|Encoding resource 39...
Trace|Writing image in Palette mode
Trace|Extracting palette...
Trace|Palette item 0: R FF, G FF, B FF, Transaparent color
Trace|Palette item 1: R 00, G 00, B 00
Trace|Bits per pixel Estimated:1, Used:2
Trace|Writing image header...
Trace|Width: 7, Height: 11, RowLength: 2
Trace|BPP: 2, PaletteColors: 2, Transaparency: 1
Trace|Writing palette...
Trace|Writing image...
Trace|Resource 40 offset is 19848...
Debug|Encoding resource 40...
Trace|Writing image in Palette mode
Trace|Extracting palette...
Trace|Palette item 0: R FF, G FF, B FF, Transaparent color
Trace|Palette item 1: R 00, G 00, B 00
Trace|Bits per pixel Estimated:1, Used:2
Trace|Writing image header...
Trace|Width: 7, Height: 11, RowLength: 2
Trace|BPP: 2, PaletteColors: 2, Transaparency: 1
Trace|Writing palette...
Trace|Writing image...
Trace|Resource 41 offset is 19894...
Debug|Encoding resource 41...
Trace|Writing image in Palette mode
Trace|Extracting palette...
Trace|Palette item 0: R FF, G FF, B FF, Transaparent color
Trace|Palette item 1: R 00, G 00, B 00
Trace|Palette item 2: R 30, G 26, B 11
Trace|Palette item 3: R 97, G 80, B 1D
Trace|Palette item 4: R E5, G CB, B 1B
Trace|Palette item 5: R FE, G F9, B 1B
Trace|Palette item 6: R BD, G A9, B 19
Trace|Palette item 7: R 64, G 51, B 17
Trace|Palette item 8: R FF, G FF, B 00
Trace|Palette item 9: R FE, G EB, B 03
Trace|Palette item 10: R 83, G 68, B 44
Trace|Palette item 11: R F9, G DE, B A5
Trace|Palette item 12: R DD, G A4, B 5C
Trace|Palette item 13: R FC, G C8, B 58
Trace|Palette item 14: R FF, G FF, B FF
Trace|Bits per pixel Estimated:4, Used:4
Trace|Writing image header...
Trace|Width: 120, Height: 240, RowLength: 60
Trace|BPP: 4, PaletteColors: 15, Transaparency: 1
Trace|Writing palette...
Trace|Writing image...
Trace|Resource 42 offset is 34370...
Debug|Encoding resource 42...
Trace|Writing image in Palette mode
Trace|Extracting palette...
Trace|Palette item 0: R FF, G FF, B FF, Transaparent color
Trace|Palette item 1: R 00, G 00, B 00
Trace|Palette item 2: R 3F, G 2E, B 13
Trace|Palette item 3: R A0, G 79, B 42
Trace|Palette item 4: R C9, G B2, B 22
Trace|Palette item 5: R FE, G F6, B 34
Trace|Palette item 6: R FE, G F1, B 08
Trace|Palette item 7: R A1, G 8B, B 1F
Trace|Palette item 8: R F7, G C8, B 2E
Trace|Palette item 9: R 71, G 59, B 21
Trace|Palette item 10: R FC, G E6, B A4
Trace|Palette item 11: R E1, G AB, B 5D
Trace|Palette item 12: R FE, G DB, B 70
Trace|Palette item 13: R FC, G CA, B 53
Trace|Palette item 14: R FF, G FF, B FF
Trace|Bits per pixel Estimated:4, Used:4
Trace|Writing image header...
Trace|Width: 120, Height: 240, RowLength: 60
Trace|BPP: 4, PaletteColors: 15, Transaparency: 1
Trace|Writing palette...
Trace|Writing image...
Trace|Resource 43 offset is 48846...
Debug|Encoding resource 43...
Trace|Writing image in Palette mode
Trace|Extracting palette...
Trace|Palette item 0: R FF, G FF, B FF, Transaparent color
Trace|Palette item 1: R 00, G 00, B 00
Trace|Palette item 2: R 6B, G 52, B 1D
Trace|Palette item 3: R 34, G 22, B 0E
Trace|Palette item 4: R C7, G AA, B 2B
Trace|Palette item 5: R FE, G F4, B 3C
Trace|Palette item 6: R FE, G E9, B 09
Trace|Palette item 7: R 98, G 7F, B 23
Trace|Palette item 8: R F8, G CD, B 2B
Trace|Palette item 9: R E2, G AF, B 57
Trace|Palette item 10: R FF, G FF, B FF
Trace|Palette item 11: R A3, G 7B, B 44
Trace|Palette item 12: R FD, G E6, B 9F
Trace|Palette item 13: R FE, G D9, B 69
Trace|Palette item 14: R FD, G CC, B 4F
Trace|Bits per pixel Estimated:4, Used:4
Trace|Writing image header...
Trace|Width: 120, Height: 240, RowLength: 60
Trace|BPP: 4, PaletteColors: 15, Transaparency: 1
Trace|Writing palette...
Trace|Writing image...
Trace|Resource 44 offset is 63322...
Debug|Encoding resource 44...
Trace|Writing image in Palette mode
Trace|Extracting palette...
Trace|Palette item 0: R FF, G FF, B FF, Transaparent color
Trace|Palette item 1: R 2F, G 1E, B 0C
Trace|Palette item 2: R 00, G 00, B 00
Trace|Palette item 3: R 5A, G 42, B 1A
Trace|Palette item 4: R A4, G 82, B 2E
Trace|Palette item 5: R C5, G A9, B 2B
Trace|Palette item 6: R FA, G CF, B 2F
Trace|Palette item 7: R FE, G F3, B 3E
Trace|Palette item 8: R FE, G E1, B 0B
Trace|Palette item 9: R 7E, G 63, B 23
Trace|Palette item 10: R FF, G FF, B FF
Trace|Palette item 11: R FD, G E3, B 97
Trace|Palette item 12: R E2, G AE, B 4F
Trace|Palette item 13: R FE, G D6, B 69
Trace|Palette item 14: R FD, G CC, B 4F
Trace|Bits per pixel Estimated:4, Used:4
Trace|Writing image header...
Trace|Width: 120, Height: 240, RowLength: 60
Trace|BPP: 4, PaletteColors: 15, Transaparency: 1
Trace|Writing palette...
Trace|Writing image...
Trace|Resource 45 offset is 77798...
Debug|Encoding resource 45...
Trace|Writing image in Palette mode
Trace|Extracting palette...
Trace|Palette item 0: R FF, G FF, B FF, Transaparent color
Trace|Palette item 1: R 00, G 00, B 00
Trace|Palette item 2: R 36, G 26, B 10
Trace|Palette item 3: R 66, G 4D, B 1C
Trace|Palette item 4: R B2, G 8E, B 2F
Trace|Palette item 5: R FB, G D1, B 2D
Trace|Palette item 6: R FE, G F5, B 49
Trace|Palette item 7: R FE, G DC, B 0D
Trace|Palette item 8: R D5, G AC, B 1F
Trace|Palette item 9: R 8F, G 71, B 27
Trace|Palette item 10: R FE, G E5, B 94
Trace|Palette item 11: R D8, G AC, B 50
Trace|Palette item 12: R FD, G D5, B 6A
Trace|Palette item 13: R FD, G CD, B 50
Trace|Palette item 14: R FF, G FF, B FF
Trace|Bits per pixel Estimated:4, Used:4
Trace|Writing image header...
Trace|Width: 120, Height: 240, RowLength: 60
Trace|BPP: 4, PaletteColors: 15, Transaparency: 1
Trace|Writing palette...
Trace|Writing image...
Trace|Resource 46 offset is 92274...
Debug|Encoding resource 46...
Trace|Writing image in Palette mode
Trace|Extracting palette...
Trace|Palette item 0: R FF, G FF, B FF, Transaparent color
Trace|Palette item 1: R 22, G 1A, B 0F
Trace|Palette item 2: R 00, G 00, B 00
Trace|Palette item 3: R 91, G 86, B 84
Trace|Palette item 4: R 5C, G 47, B 25
Trace|Palette item 5: R FF, G FF, B FF
Trace|Palette item 6: R DE, G D4, B C1
Trace|Palette item 7: R C0, G 9A, B 27
Trace|Palette item 8: R F9, G CD, B 2D
Trace|Palette item 9: R FE, G F5, B 48
Trace|Palette item 10: R FD, G DC, B 0E
Trace|Palette item 11: R 91, G 72, B 27
Trace|Palette item 12: R D7, G AC, B 4E
Trace|Palette item 13: R FD, G DB, B 77
Trace|Palette item 14: R FD, G CE, B 52
Trace|Bits per pixel Estimated:4, Used:4
Trace|Writing image header...
Trace|Width: 120, Height: 240, RowLength: 60
Trace|BPP: 4, PaletteColors: 15, Transaparency: 1
Trace|Writing palette...
Trace|Writing image...
Trace|Resource 47 offset is 106750...
Debug|Encoding resource 47...
Trace|Writing image in Palette mode
Trace|Extracting palette...
Trace|Palette item 0: R FF, G FF, B FF, Transaparent color
Trace|Bits per pixel Estimated:0, Used:2
Trace|Writing image header...
Trace|Width: 1, Height: 1, RowLength: 1
Trace|BPP: 2, PaletteColors: 1, Transaparency: 1
Trace|Writing palette...
Trace|Writing image...
Trace|Resource 48 offset is 106771...
Debug|Encoding resource 48...
Trace|Writing image in Palette mode
Trace|Extracting palette...
Trace|Palette item 0: R FF, G FF, B FF, Transaparent color
Trace|Palette item 1: R 00, G 00, B 00
Trace|Bits per pixel Estimated:1, Used:2
Trace|Writing image header...
Trace|Width: 10, Height: 10, RowLength: 3
Trace|BPP: 2, PaletteColors: 2, Transaparency: 1
Trace|Writing palette...
Trace|Writing image...
Trace|Resource 49 offset is 106825...
Debug|Encoding resource 49...
Trace|Writing image in Palette mode
Trace|Extracting palette...
Trace|Palette item 0: R FF, G FF, B FF, Transaparent color
Trace|Bits per pixel Estimated:0, Used:2
Trace|Writing image header...
Trace|Width: 1, Height: 1, RowLength: 1
Trace|BPP: 2, PaletteColors: 1, Transaparency: 1
Trace|Writing palette...
Trace|Writing image...
Trace|Resource 50 offset is 106846...
Debug|Encoding resource 50...
Trace|Writing image in Palette mode
Trace|Extracting palette...
Trace|Palette item 0: R FF, G FF, B FF, Transaparent color
Trace|Bits per pixel Estimated:0, Used:2
Trace|Writing image header...
Trace|Width: 1, Height: 1, RowLength: 1
Trace|BPP: 2, PaletteColors: 1, Transaparency: 1
Trace|Writing palette...
Trace|Writing image...
Trace|Resource 51 offset is 106867...
Debug|Encoding resource 51...
Trace|Writing image in Palette mode
Trace|Extracting palette...
Trace|Palette item 0: R 00, G 00, B 00, Transaparent color
Trace|Bits per pixel Estimated:0, Used:2
Trace|Writing image header...
Trace|Width: 1, Height: 1, RowLength: 1
Trace|BPP: 2, PaletteColors: 1, Transaparency: 1
Trace|Writing palette...
Trace|Writing image...
Trace|Resource 52 offset is 106888...
Debug|Encoding resource 52...
Trace|Writing image in Palette mode
Trace|Extracting palette...
Trace|Palette item 0: R 00, G 00, B 00, Transaparent color
Trace|Bits per pixel Estimated:0, Used:2
Trace|Writing image header...
Trace|Width: 1, Height: 1, RowLength: 1
Trace|BPP: 2, PaletteColors: 1, Transaparency: 1
Trace|Writing palette...
Trace|Writing image...
Trace|Resource 53 offset is 106909...
Debug|Encoding resource 53...
Trace|Writing image in Palette mode
Trace|Extracting palette...
Trace|Palette item 0: R 00, G 00, B 00, Transaparent color
Trace|Bits per pixel Estimated:0, Used:2
Trace|Writing image header...
Trace|Width: 1, Height: 1, RowLength: 1
Trace|BPP: 2, PaletteColors: 1, Transaparency: 1
Trace|Writing palette...
Trace|Writing image...
Trace|Resource 54 offset is 106930...
Debug|Encoding resource 54...
Trace|Writing image in Palette mode
Trace|Extracting palette...
Trace|Palette item 0: R 00, G 00, B 00, Transaparent color
Trace|Bits per pixel Estimated:0, Used:2
Trace|Writing image header...
Trace|Width: 1, Height: 1, RowLength: 1
Trace|BPP: 2, PaletteColors: 1, Transaparency: 1
Trace|Writing palette...
Trace|Writing image...
Trace|Resource 55 offset is 106951...
Debug|Encoding resource 55...
Trace|Writing image in Palette mode
Trace|Extracting palette...
Trace|Palette item 0: R 00, G 00, B 00, Transaparent color
Trace|Bits per pixel Estimated:0, Used:2
Trace|Writing image header...
Trace|Width: 1, Height: 1, RowLength: 1
Trace|BPP: 2, PaletteColors: 1, Transaparency: 1
Trace|Writing palette...
Trace|Writing image...
Trace|Resource 56 offset is 106972...
Debug|Encoding resource 56...
Trace|Writing image in Palette mode
Trace|Extracting palette...
Trace|Palette item 0: R 00, G 00, B 00, Transaparent color
Trace|Bits per pixel Estimated:0, Used:2
Trace|Writing image header...
Trace|Width: 1, Height: 1, RowLength: 1
Trace|BPP: 2, PaletteColors: 1, Transaparency: 1
Trace|Writing palette...
Trace|Writing image...
Trace|Resource 57 offset is 106993...
Debug|Encoding resource 57...
Trace|Writing image in Palette mode
Trace|Extracting palette...
Trace|Palette item 0: R 00, G 00, B 00, Transaparent color
Trace|Bits per pixel Estimated:0, Used:2
Trace|Writing image header...
Trace|Width: 1, Height: 1, RowLength: 1
Trace|BPP: 2, PaletteColors: 1, Transaparency: 1
Trace|Writing palette...
Trace|Writing image...
Trace|Resource 58 offset is 107014...
Debug|Encoding resource 58...
Trace|Writing image in Palette mode
Trace|Extracting palette...
Trace|Palette item 0: R 00, G 00, B 00, Transaparent color
Trace|Bits per pixel Estimated:0, Used:2
Trace|Writing image header...
Trace|Width: 1, Height: 1, RowLength: 1
Trace|BPP: 2, PaletteColors: 1, Transaparency: 1
Trace|Writing palette...
Trace|Writing image...
Trace|Resource 59 offset is 107035...
Debug|Encoding resource 59...
Trace|Writing image in Palette mode
Trace|Extracting palette...
Trace|Palette item 0: R 00, G 00, B 00, Transaparent color
Trace|Bits per pixel Estimated:0, Used:2
Trace|Writing image header...
Trace|Width: 1, Height: 1, RowLength: 1
Trace|BPP: 2, PaletteColors: 1, Transaparency: 1
Trace|Writing palette...
Trace|Writing image...
Trace|Resource 60 offset is 107056...
Debug|Encoding resource 60...
Trace|Writing image in Palette mode
Trace|Extracting palette...
Trace|Palette item 0: R 00, G 00, B 00, Transaparent color
Trace|Bits per pixel Estimated:0, Used:2
Trace|Writing image header...
Trace|Width: 1, Height: 1, RowLength: 1
Trace|BPP: 2, PaletteColors: 1, Transaparency: 1
Trace|Writing palette...
Trace|Writing image...
Trace|Resource 61 offset is 107077...
Debug|Encoding resource 61...
Trace|Writing image in Palette mode
Trace|Extracting palette...
Trace|Palette item 0: R 00, G 00, B 00, Transaparent color
Trace|Bits per pixel Estimated:0, Used:2
Trace|Writing image header...
Trace|Width: 1, Height: 1, RowLength: 1
Trace|BPP: 2, PaletteColors: 1, Transaparency: 1
Trace|Writing palette...
Trace|Writing image...
Trace|Resource 62 offset is 107098...
Debug|Encoding resource 62...
Trace|Writing image in Palette mode
Trace|Extracting palette...
Trace|Palette item 0: R 00, G 00, B 00, Transaparent color
Trace|Bits per pixel Estimated:0, Used:2
Trace|Writing image header...
Trace|Width: 1, Height: 1, RowLength: 1
Trace|BPP: 2, PaletteColors: 1, Transaparency: 1
Trace|Writing palette...
Trace|Writing image...
Trace|Resource 63 offset is 107119...
Debug|Encoding resource 63...
Trace|Writing image in Palette mode
Trace|Extracting palette...
Trace|Palette item 0: R FF, G FF, B FF, Transaparent color
Trace|Palette item 1: R 00, G 00, B 00
Trace|Bits per pixel Estimated:1, Used:2
Trace|Writing image header...
Trace|Width: 25, Height: 14, RowLength: 7
Trace|BPP: 2, PaletteColors: 2, Transaparency: 1
Trace|Writing palette...
Trace|Writing image...
Trace|Resource 64 offset is 107241...
Debug|Encoding resource 64...
Trace|Writing image in Palette mode
Trace|Extracting palette...
Trace|Palette item 0: R FF, G FF, B FF, Transaparent color
Trace|Palette item 1: R 00, G 00, B 00
Trace|Bits per pixel Estimated:1, Used:2
Trace|Writing image header...
Trace|Width: 25, Height: 14, RowLength: 7
Trace|BPP: 2, PaletteColors: 2, Transaparency: 1
Trace|Writing palette...
Trace|Writing image...
Trace|Resource 65 offset is 107363...
Debug|Encoding resource 65...
Trace|Writing image in Palette mode
Trace|Extracting palette...
Trace|Palette item 0: R FF, G FF, B FF, Transaparent color
Trace|Palette item 1: R 00, G 00, B 00
Trace|Bits per pixel Estimated:1, Used:2
Trace|Writing image header...
Trace|Width: 25, Height: 14, RowLength: 7
Trace|BPP: 2, PaletteColors: 2, Transaparency: 1
Trace|Writing palette...
Trace|Writing image...
Trace|Resource 66 offset is 107485...
Debug|Encoding resource 66...
Trace|Writing image in Palette mode
Trace|Extracting palette...
Trace|Palette item 0: R 00, G 00, B 00
Trace|Palette item 1: R FF, G FF, B FF, Transaparent color
Trace|Bits per pixel Estimated:1, Used:2
Trace|Writing image header...
Trace|Width: 25, Height: 14, RowLength: 7
Trace|BPP: 2, PaletteColors: 2, Transaparency: 1
Trace|Writing palette...
Trace|Writing image...
Trace|Resource 67 offset is 107607...
Debug|Encoding resource 67...
Trace|Writing image in Palette mode
Trace|Extracting palette...
Trace|Palette item 0: R FF, G FF, B FF, Transaparent color
Trace|Palette item 1: R 00, G 00, B 00
Trace|Bits per pixel Estimated:1, Used:2
Trace|Writing image header...
Trace|Width: 25, Height: 14, RowLength: 7
Trace|BPP: 2, PaletteColors: 2, Transaparency: 1
Trace|Writing palette...
Trace|Writing image...
Trace|Resource 68 offset is 107729...
Debug|Encoding resource 68...
Trace|Writing image in Palette mode
Trace|Extracting palette...
Trace|Palette item 0: R FF, G FF, B FF, Transaparent color
Trace|Palette item 1: R 00, G 00, B 00
Trace|Bits per pixel Estimated:1, Used:2
Trace|Writing image header...
Trace|Width: 25, Height: 14, RowLength: 7
Trace|BPP: 2, PaletteColors: 2, Transaparency: 1
Trace|Writing palette...
Trace|Writing image...
Trace|Resource 69 offset is 107851...
Debug|Encoding resource 69...
Trace|Writing image in Palette mode
Trace|Extracting palette...
Trace|Palette item 0: R FF, G FF, B FF, Transaparent color
Trace|Palette item 1: R 00, G 00, B 00
Trace|Bits per pixel Estimated:1, Used:2
Trace|Writing image header...
Trace|Width: 25, Height: 14, RowLength: 7
Trace|BPP: 2, PaletteColors: 2, Transaparency: 1
Trace|Writing palette...
Trace|Writing image...
Trace|Writing resources offsets table
Debug|Writing resources
