Debug|Reading config...
Debug|Reading referenced images from 'C:\Users\terpssi\Desktop\часики\развернутые\itsFine_2'
Trace|Loading resources for 2 'Background'
Trace|Loading resources for 2.1 'Image'
Trace|Loading image 0...
Trace|Image was loaded from file C:\Users\terpssi\Desktop\часики\развернутые\itsFine_2\0000.png
Trace|Loading resources for 3 'Time'
Trace|Loading resources for 3.1 'TwoDigits'
Trace|Loading resources for 3.1.1 'ImageSet'
Trace|Loading image 1...
Trace|Image was loaded from file C:\Users\terpssi\Desktop\часики\развернутые\itsFine_2\0001.png
Trace|Loading image 2...
Trace|Image was loaded from file C:\Users\terpssi\Desktop\часики\развернутые\itsFine_2\0002.png
Trace|Loading image 3...
Trace|Image was loaded from file C:\Users\terpssi\Desktop\часики\развернутые\itsFine_2\0003.png
Trace|Loading resources for 3.1.2 'ImageSet'
Trace|Loading image 4...
Trace|Image was loaded from file C:\Users\terpssi\Desktop\часики\развернутые\itsFine_2\0004.png
Trace|Loading image 5...
Trace|Image was loaded from file C:\Users\terpssi\Desktop\часики\развернутые\itsFine_2\0005.png
Trace|Loading image 6...
Trace|Image was loaded from file C:\Users\terpssi\Desktop\часики\развернутые\itsFine_2\0006.png
Trace|Loading image 7...
Trace|Image was loaded from file C:\Users\terpssi\Desktop\часики\развернутые\itsFine_2\0007.png
Trace|Loading image 8...
Trace|Image was loaded from file C:\Users\terpssi\Desktop\часики\развернутые\itsFine_2\0008.png
Trace|Loading image 9...
Trace|Image was loaded from file C:\Users\terpssi\Desktop\часики\развернутые\itsFine_2\0009.png
Trace|Loading image 10...
Trace|Image was loaded from file C:\Users\terpssi\Desktop\часики\развернутые\itsFine_2\0010.png
Trace|Loading resources for 3.2 'TwoDigits'
Trace|Loading resources for 3.2.1 'ImageSet'
Trace|Loading image 11...
Trace|Image was loaded from file C:\Users\terpssi\Desktop\часики\развернутые\itsFine_2\0011.png
Trace|Loading image 12...
Trace|Image was loaded from file C:\Users\terpssi\Desktop\часики\развернутые\itsFine_2\0012.png
Trace|Loading image 13...
Trace|Image was loaded from file C:\Users\terpssi\Desktop\часики\развернутые\itsFine_2\0013.png
Trace|Loading image 14...
Trace|Image was loaded from file C:\Users\terpssi\Desktop\часики\развернутые\itsFine_2\0014.png
Trace|Loading image 15...
Trace|Image was loaded from file C:\Users\terpssi\Desktop\часики\развернутые\itsFine_2\0015.png
Trace|Loading image 16...
Trace|Image was loaded from file C:\Users\terpssi\Desktop\часики\развернутые\itsFine_2\0016.png
Trace|Loading resources for 3.2.2 'ImageSet'
Trace|Loading image 17...
Trace|Image was loaded from file C:\Users\terpssi\Desktop\часики\развернутые\itsFine_2\0017.png
Trace|Loading image 18...
Trace|Image was loaded from file C:\Users\terpssi\Desktop\часики\развернутые\itsFine_2\0018.png
Trace|Loading image 19...
Trace|Image was loaded from file C:\Users\terpssi\Desktop\часики\развернутые\itsFine_2\0019.png
Trace|Loading image 20...
Trace|Image was loaded from file C:\Users\terpssi\Desktop\часики\развернутые\itsFine_2\0020.png
Trace|Loading resources for 4 'Activity'
Trace|Loading resources for 4.1 'Steps'
Trace|Loading resources for 4.1.1 'Number'
Trace|Loading resources for 4.1.1.5 'TextAlignment'
Trace|Loading image 21...
Trace|Image was loaded from file C:\Users\terpssi\Desktop\часики\развернутые\itsFine_2\0021.png
Trace|Loading image 22...
Trace|Image was loaded from file C:\Users\terpssi\Desktop\часики\развернутые\itsFine_2\0022.png
Trace|Loading image 23...
Trace|Image was loaded from file C:\Users\terpssi\Desktop\часики\развернутые\itsFine_2\0023.png
Trace|Loading image 24...
Trace|Image was loaded from file C:\Users\terpssi\Desktop\часики\развернутые\itsFine_2\0024.png
Trace|Loading image 25...
Trace|Image was loaded from file C:\Users\terpssi\Desktop\часики\развернутые\itsFine_2\0025.png
Trace|Loading image 26...
Trace|Image was loaded from file C:\Users\terpssi\Desktop\часики\развернутые\itsFine_2\0026.png
Trace|Loading image 27...
Trace|Image was loaded from file C:\Users\terpssi\Desktop\часики\развернутые\itsFine_2\0027.png
Trace|Loading image 28...
Trace|Image was loaded from file C:\Users\terpssi\Desktop\часики\развернутые\itsFine_2\0028.png
Trace|Loading image 29...
Trace|Image was loaded from file C:\Users\terpssi\Desktop\часики\развернутые\itsFine_2\0029.png
Trace|Loading image 30...
Trace|Image was loaded from file C:\Users\terpssi\Desktop\часики\развернутые\itsFine_2\0030.png
Trace|Loading resources for 5 'Date'
Trace|Loading resources for 5.1 'MonthAndDay'
Trace|Loading resources for 5.1.1 'SeparateMonthAndDay'
Trace|Loading resources for 5.1.1.1 'Number'
Trace|Loading resources for 5.1.1.1.5 'TextAlignment'
Trace|Loading image 31...
Trace|Image was loaded from file C:\Users\terpssi\Desktop\часики\развернутые\itsFine_2\0031.png
Trace|Loading image 32...
Trace|Image was loaded from file C:\Users\terpssi\Desktop\часики\развернутые\itsFine_2\0032.png
Trace|Loading image 33...
Trace|Image was loaded from file C:\Users\terpssi\Desktop\часики\развернутые\itsFine_2\0033.png
Trace|Loading image 34...
Trace|Image was loaded from file C:\Users\terpssi\Desktop\часики\развернутые\itsFine_2\0034.png
Trace|Loading image 35...
Trace|Image was loaded from file C:\Users\terpssi\Desktop\часики\развернутые\itsFine_2\0035.png
Trace|Loading image 36...
Trace|Image was loaded from file C:\Users\terpssi\Desktop\часики\развернутые\itsFine_2\0036.png
Trace|Loading image 37...
Trace|Image was loaded from file C:\Users\terpssi\Desktop\часики\развернутые\itsFine_2\0037.png
Trace|Loading image 38...
Trace|Image was loaded from file C:\Users\terpssi\Desktop\часики\развернутые\itsFine_2\0038.png
Trace|Loading image 39...
Trace|Image was loaded from file C:\Users\terpssi\Desktop\часики\развернутые\itsFine_2\0039.png
Trace|Loading image 40...
Trace|Image was loaded from file C:\Users\terpssi\Desktop\часики\развернутые\itsFine_2\0040.png
Trace|Loading resources for 5.1.1.3 'Number'
Trace|Loading resources for 5.1.1.3.5 'TextAlignment'
Trace|Loading resources for 5.1.3 'Boolean'
Trace|Loading resources for 5.1.4 'Boolean'
Trace|Loading resources for 5.2 'ImageSet'
Trace|Loading image 120...
Trace|Image was loaded from file C:\Users\terpssi\Desktop\часики\развернутые\itsFine_2\0120.png
Trace|Loading image 121...
Trace|Image was loaded from file C:\Users\terpssi\Desktop\часики\развернутые\itsFine_2\0121.png
Trace|Loading image 122...
Trace|Image was loaded from file C:\Users\terpssi\Desktop\часики\развернутые\itsFine_2\0122.png
Trace|Loading image 123...
Trace|Image was loaded from file C:\Users\terpssi\Desktop\часики\развернутые\itsFine_2\0123.png
Trace|Loading image 124...
Trace|Image was loaded from file C:\Users\terpssi\Desktop\часики\развернутые\itsFine_2\0124.png
Trace|Loading image 125...
Trace|Image was loaded from file C:\Users\terpssi\Desktop\часики\развернутые\itsFine_2\0125.png
Trace|Loading image 126...
Trace|Image was loaded from file C:\Users\terpssi\Desktop\часики\развернутые\itsFine_2\0126.png
Trace|Loading image 127...
Trace|Image was loaded from file C:\Users\terpssi\Desktop\часики\развернутые\itsFine_2\0127.png
Trace|Loading image 128...
Trace|Image was loaded from file C:\Users\terpssi\Desktop\часики\развернутые\itsFine_2\0128.png
Trace|Loading image 129...
Trace|Image was loaded from file C:\Users\terpssi\Desktop\часики\развернутые\itsFine_2\0129.png
Trace|Loading image 130...
Trace|Image was loaded from file C:\Users\terpssi\Desktop\часики\развернутые\itsFine_2\0130.png
Trace|Loading image 131...
Trace|Image was loaded from file C:\Users\terpssi\Desktop\часики\развернутые\itsFine_2\0131.png
Trace|Loading image 132...
Trace|Image was loaded from file C:\Users\terpssi\Desktop\часики\развернутые\itsFine_2\0132.png
Trace|Loading image 133...
Trace|Image was loaded from file C:\Users\terpssi\Desktop\часики\развернутые\itsFine_2\0133.png
Trace|Loading image 134...
Trace|Image was loaded from file C:\Users\terpssi\Desktop\часики\развернутые\itsFine_2\0134.png
Trace|Loading image 135...
Trace|Image was loaded from file C:\Users\terpssi\Desktop\часики\развернутые\itsFine_2\0135.png
Trace|Loading image 136...
Trace|Image was loaded from file C:\Users\terpssi\Desktop\часики\развернутые\itsFine_2\0136.png
Trace|Loading image 137...
Trace|Image was loaded from file C:\Users\terpssi\Desktop\часики\развернутые\itsFine_2\0137.png
Trace|Loading image 138...
Trace|Image was loaded from file C:\Users\terpssi\Desktop\часики\развернутые\itsFine_2\0138.png
Trace|Loading image 139...
Trace|Image was loaded from file C:\Users\terpssi\Desktop\часики\развернутые\itsFine_2\0139.png
Trace|Loading image 140...
Trace|Image was loaded from file C:\Users\terpssi\Desktop\часики\развернутые\itsFine_2\0140.png
Trace|Loading resources for 7 'StepsProgress'
Trace|Loading resources for 7.2 'Scale'
Trace|Loading image 70...
Trace|Image was loaded from file C:\Users\terpssi\Desktop\часики\развернутые\itsFine_2\0070.png
Trace|Loading image 71...
Trace|Image was loaded from file C:\Users\terpssi\Desktop\часики\развернутые\itsFine_2\0071.png
Trace|Loading image 72...
Trace|Image was loaded from file C:\Users\terpssi\Desktop\часики\развернутые\itsFine_2\0072.png
Trace|Loading image 73...
Trace|Image was loaded from file C:\Users\terpssi\Desktop\часики\развернутые\itsFine_2\0073.png
Trace|Loading resources for 8 'Status'
Trace|Loading resources for 8.1 'Switch'
Trace|Loading resources for 8.1.1 'Coordinates'
Trace|Loading resources for 8.1.1.4 'TextAlignment'
Trace|Loading image 117...
Trace|Image was loaded from file C:\Users\terpssi\Desktop\часики\развернутые\itsFine_2\0117.png
Trace|Loading resources for 8.2 'Switch'
Trace|Loading resources for 8.2.1 'Coordinates'
Trace|Loading resources for 8.2.1.4 'TextAlignment'
Trace|Loading resources for 8.3 'Switch'
Trace|Loading resources for 8.3.1 'Coordinates'
Trace|Loading resources for 8.3.1.4 'TextAlignment'
Trace|Loading image 119...
Trace|File C:\Users\terpssi\Desktop\часики\развернутые\itsFine_2\0119.png doesn't exists.
Trace|Image was loaded from file C:\Users\terpssi\Desktop\часики\развернутые\itsFine_2\119.png
Trace|Loading resources for 8.4 'Battery'
Trace|Loading resources for 8.4.1 'BatteryCfg'
Trace|Loading resources for 8.4.1.2 'TextAlignment'
Trace|Loading resources for 8.4.2 'Number'
Trace|Loading resources for 8.4.2.5 'TextAlignment'
Trace|Building parameters for watch face...
Trace|2.1.1 'X': 0
Trace|2.1.2 'Y': 0
Trace|2.1.3 'ImageIndex': 0
Trace|2.1 'Image'
Trace|2 'Background'
Trace|3.1.1.1 'X': 17
Trace|3.1.1.2 'Y': 20
Trace|3.1.1.3 'ImageIndex': 1
Trace|3.1.1.4 'ImagesCount': 3
Trace|3.1.1 'Tens'
Trace|3.1.2.1 'X': 38
Trace|3.1.2.2 'Y': 20
Trace|3.1.2.3 'ImageIndex': 1
Trace|3.1.2.4 'ImagesCount': 10
Trace|3.1.2 'Ones'
Trace|3.1 'Hours'
Trace|3.2.1.1 'X': 60
Trace|3.2.1.2 'Y': 20
Trace|3.2.1.3 'ImageIndex': 11
Trace|3.2.1.4 'ImagesCount': 6
Trace|3.2.1 'Tens'
Trace|3.2.2.1 'X': 74
Trace|3.2.2.2 'Y': 20
Trace|3.2.2.3 'ImageIndex': 11
Trace|3.2.2.4 'ImagesCount': 10
Trace|3.2.2 'Ones'
Trace|3.2 'Minutes'
Trace|3 'Time'
Trace|4.1.1.1 'TopLeftX': 83
Trace|4.1.1.2 'TopLeftY': 2
Trace|4.1.1.3 'BottomRightX': 117
Trace|4.1.1.4 'BottomRightY': 12
Trace|4.1.1.5 'Alignment': 72
Trace|4.1.1.6 'Spacing': 1
Trace|4.1.1.7 'ImageIndex': 21
Trace|4.1.1.8 'ImagesCount': 10
Trace|4.1.1 'Number'
Trace|4.1 'Steps'
Trace|4 'Activity'
Trace|5.1.1.1.1 'TopLeftX': 60
Trace|5.1.1.1.2 'TopLeftY': 48
Trace|5.1.1.1.3 'BottomRightX': 75
Trace|5.1.1.1.4 'BottomRightY': 59
Trace|5.1.1.1.5 'Alignment': 2
Trace|5.1.1.1.6 'Spacing': 1
Trace|5.1.1.1.7 'ImageIndex': 31
Trace|5.1.1.1.8 'ImagesCount': 10
Trace|5.1.1.1 'Month'
Trace|5.1.1.3.1 'TopLeftX': 77
Trace|5.1.1.3.2 'TopLeftY': 48
Trace|5.1.1.3.3 'BottomRightX': 92
Trace|5.1.1.3.4 'BottomRightY': 59
Trace|5.1.1.3.5 'Alignment': 2
Trace|5.1.1.3.6 'Spacing': 1
Trace|5.1.1.3.7 'ImageIndex': 31
Trace|5.1.1.3.8 'ImagesCount': 10
Trace|5.1.1.3 'Day'
Trace|5.1.1 'Separate'
Trace|5.1.3 'TwoDigitsMonth': 1
Trace|5.1.4 'TwoDigitsDay': 1
Trace|5.1 'MonthAndDay'
Trace|5.2.1 'X': 90
Trace|5.2.2 'Y': 32
Trace|5.2.3 'ImageIndex': 47
Trace|5.2.4 'ImagesCount': 21
Trace|5.2 'WeekDay'
Trace|5 'Date'
Trace|7.2.1 'StartImageIndex': 41
Trace|7.2.2 'Segments'
Trace|7.2.2.1 'X': 0
Trace|7.2.2.2 'Y': 0
Trace|7.2.2 'Segments'
Trace|7.2.2.1 'X': 0
Trace|7.2.2.2 'Y': 0
Trace|7.2.2 'Segments'
Trace|7.2.2.1 'X': 0
Trace|7.2.2.2 'Y': 0
Trace|7.2.2 'Segments'
Trace|7.2.2.1 'X': 0
Trace|7.2.2.2 'Y': 0
Trace|7.2 'Linear'
Trace|7 'StepsProgress'
Trace|8.1.1.1 'X': 36
Trace|8.1.1.2 'Y': 6
Trace|8.1.1.3 'BoxWidth': 17
Trace|8.1.1.4 'Alignment': 0
Trace|8.1.1.5 'Order': 1
Trace|8.1.1 'Coordinates'
Trace|8.1.2 'ImageIndexOn': 45
Trace|8.1 'DoNotDisturb'
Trace|8.2.1.1 'X': 5
Trace|8.2.1.2 'Y': 6
Trace|8.2.1.3 'BoxWidth': 17
Trace|8.2.1.4 'Alignment': 0
Trace|8.2.1.5 'Order': 1
Trace|8.2.1 'Coordinates'
Trace|8.2.2 'ImageIndexOn': 45
Trace|8.2 'Lock'
Trace|8.3.1.1 'X': 28
Trace|8.3.1.2 'Y': 2
Trace|8.3.1.3 'BoxWidth': 12
Trace|8.3.1.4 'Alignment': 0
Trace|8.3.1.5 'Order': 1
Trace|8.3.1 'Coordinates'
Trace|8.3.3 'ImageIndexOff': 46
Trace|8.3 'Bluetooth'
Trace|8.4.1.1 'BoxWidth': 0
Trace|8.4.1.2 'Alignment': 0
Trace|8.4.1.3 'Order': 0
Trace|8.4.1 'BatteryConfig'
Trace|8.4.2.1 'TopLeftX': 3
Trace|8.4.2.2 'TopLeftY': 2
Trace|8.4.2.3 'BottomRightX': 23
Trace|8.4.2.4 'BottomRightY': 12
Trace|8.4.2.5 'Alignment': 4
Trace|8.4.2.6 'Spacing': 1
Trace|8.4.2.7 'ImageIndex': 21
Trace|8.4.2.8 'ImagesCount': 10
Trace|8.4.2 'Text'
Trace|8.4 'Battery'
Trace|8 'Status'
Debug|Generating previews...
Debug|Writing watch face to 'C:\Users\terpssi\Desktop\часики\развернутые\itsFine_2\itsfine_packed.bin'
Trace|Encoding parameters...
Trace|Parameter: 2
Trace|1 (0A):
Trace|    1 (08): 0 (00)
Trace|    2 (10): 0 (00)
Trace|    3 (18): 0 (00)
Trace|8 bytes
Trace|Parameter: 3
Trace|1 (0A):
Trace|    1 (0A):
Trace|        1 (08): 17 (11)
Trace|        2 (10): 20 (14)
Trace|        3 (18): 1 (01)
Trace|        4 (20): 3 (03)
Trace|    10 bytes
Trace|    2 (12):
Trace|        1 (08): 38 (26)
Trace|        2 (10): 20 (14)
Trace|        3 (18): 1 (01)
Trace|        4 (20): 10 (0A)
Trace|    10 bytes
Trace|22 bytes
Trace|2 (12):
Trace|    1 (0A):
Trace|        1 (08): 60 (3C)
Trace|        2 (10): 20 (14)
Trace|        3 (18): 11 (0B)
Trace|        4 (20): 6 (06)
Trace|    10 bytes
Trace|    2 (12):
Trace|        1 (08): 74 (4A)
Trace|        2 (10): 20 (14)
Trace|        3 (18): 11 (0B)
Trace|        4 (20): 10 (0A)
Trace|    10 bytes
Trace|22 bytes
Trace|Parameter: 4
Trace|1 (0A):
Trace|    1 (0A):
Trace|        1 (08): 83 (53)
Trace|        2 (10): 2 (02)
Trace|        3 (18): 117 (75)
Trace|        4 (20): 12 (0C)
Trace|        5 (28): 72 (48)
Trace|        6 (30): 1 (01)
Trace|        7 (38): 21 (15)
Trace|        8 (40): 10 (0A)
Trace|    18 bytes
Trace|20 bytes
Trace|Parameter: 5
Trace|1 (0A):
Trace|    1 (0A):
Trace|        1 (0A):
Trace|            1 (08): 60 (3C)
Trace|            2 (10): 48 (30)
Trace|            3 (18): 75 (4B)
Trace|            4 (20): 59 (3B)
Trace|            5 (28): 2 (02)
Trace|            6 (30): 1 (01)
Trace|            7 (38): 31 (1F)
Trace|            8 (40): 10 (0A)
Trace|        18 bytes
Trace|        3 (1A):
Trace|            1 (08): 77 (4D)
Trace|            2 (10): 48 (30)
Trace|            3 (18): 92 (5C)
Trace|            4 (20): 59 (3B)
Trace|            5 (28): 2 (02)
Trace|            6 (30): 1 (01)
Trace|            7 (38): 31 (1F)
Trace|            8 (40): 10 (0A)
Trace|        18 bytes
Trace|    38 bytes
Trace|    3 (18): 1 (01)
Trace|    4 (20): 1 (01)
Trace|44 bytes
Trace|2 (12):
Trace|    1 (08): 90 (5A)
Trace|    2 (10): 32 (20)
Trace|    3 (18): 47 (2F)
Trace|    4 (20): 21 (15)
Trace|10 bytes
Trace|Parameter: 7
Trace|2 (12):
Trace|    1 (08): 41 (29)
Trace|    2 (12):
Trace|        1 (08): 0 (00)
Trace|        2 (10): 0 (00)
Trace|    6 bytes
Trace|    2 (12):
Trace|        1 (08): 0 (00)
Trace|        2 (10): 0 (00)
Trace|    6 bytes
Trace|    2 (12):
Trace|        1 (08): 0 (00)
Trace|        2 (10): 0 (00)
Trace|    6 bytes
Trace|    2 (12):
Trace|        1 (08): 0 (00)
Trace|        2 (10): 0 (00)
Trace|    6 bytes
Trace|28 bytes
Trace|Parameter: 8
Trace|1 (0A):
Trace|    1 (0A):
Trace|        1 (08): 36 (24)
Trace|        2 (10): 6 (06)
Trace|        3 (18): 17 (11)
Trace|        4 (20): 0 (00)
Trace|        5 (28): 1 (01)
Trace|    12 bytes
Trace|    2 (10): 45 (2D)
Trace|16 bytes
Trace|2 (12):
Trace|    1 (0A):
Trace|        1 (08): 5 (05)
Trace|        2 (10): 6 (06)
Trace|        3 (18): 17 (11)
Trace|        4 (20): 0 (00)
Trace|        5 (28): 1 (01)
Trace|    12 bytes
Trace|    2 (10): 45 (2D)
Trace|16 bytes
Trace|3 (1A):
Trace|    1 (0A):
Trace|        1 (08): 28 (1C)
Trace|        2 (10): 2 (02)
Trace|        3 (18): 12 (0C)
Trace|        4 (20): 0 (00)
Trace|        5 (28): 1 (01)
Trace|    12 bytes
Trace|    3 (18): 46 (2E)
Trace|16 bytes
Trace|4 (22):
Trace|    1 (0A):
Trace|        1 (08): 0 (00)
Trace|        2 (10): 0 (00)
Trace|        3 (18): 0 (00)
Trace|    8 bytes
Trace|    2 (12):
Trace|        1 (08): 3 (03)
Trace|        2 (10): 2 (02)
Trace|        3 (18): 23 (17)
Trace|        4 (20): 12 (0C)
Trace|        5 (28): 4 (04)
Trace|        6 (30): 1 (01)
Trace|        7 (38): 21 (15)
Trace|        8 (40): 10 (0A)
Trace|    18 bytes
Trace|28 bytes
Trace|Encoding offsets and lengths...
Trace|1 (0A):
Trace|    1 (08): 230 (E6)
Trace|    2 (10): 68 (44)
Trace|7 bytes
Trace|2 (12):
Trace|    1 (08): 0 (00)
Trace|    2 (10): 8 (08)
Trace|6 bytes
Trace|3 (1A):
Trace|    1 (08): 8 (08)
Trace|    2 (10): 44 (2C)
Trace|6 bytes
Trace|4 (22):
Trace|    1 (08): 52 (34)
Trace|    2 (10): 20 (14)
Trace|6 bytes
Trace|5 (2A):
Trace|    1 (08): 72 (48)
Trace|    2 (10): 54 (36)
Trace|6 bytes
Trace|7 (3A):
Trace|    1 (08): 126 (7E)
Trace|    2 (10): 28 (1C)
Trace|6 bytes
Trace|8 (42):
Trace|    1 (08): 154 (9A)
Trace|    2 (10): 76 (4C)
Trace|7 bytes
Trace|Writing header...
Trace|Writing parameters offsets and lengths...
Trace|Writing parameters...
Trace|Writing images...
Trace|Resource 0 offset is 0...
Debug|Encoding resource 0...
Trace|Writing image in Palette mode
Trace|Extracting palette...
Trace|Palette item 0: R 96, G 87, B 3D
Trace|Palette item 1: R C0, G 82, B 45
Trace|Palette item 2: R AE, G 87, B 5D
Trace|Palette item 3: R D9, G 9C, B 63
Trace|Palette item 4: R C8, G 99, B 8B
Trace|Palette item 5: R 7E, G 5F, B 34
Trace|Palette item 6: R 27, G 1B, B 0E
Trace|Palette item 7: R 53, G 40, B 23
Trace|Palette item 8: R 00, G 00, B 00
Trace|Palette item 9: R EC, G 9E, B 30
Trace|Palette item 10: R E9, G E1, B 36
Trace|Palette item 11: R E4, G BC, B A8
Trace|Palette item 12: R FF, G FF, B FF
Trace|Palette item 13: R F7, G E4, B 6F
Trace|Bits per pixel Estimated:4, Used:4
Trace|Writing image header...
Trace|Width: 120, Height: 240, RowLength: 60
Trace|BPP: 4, PaletteColors: 14, Transaparency: 0
Trace|Writing palette...
Trace|Writing image...
Trace|Resource 1 offset is 14472...
Debug|Encoding resource 1...
Trace|Writing image in Palette mode
Trace|Extracting palette...
Trace|Palette item 0: R FF, G FF, B FF, Transaparent color
Trace|Palette item 1: R 00, G 00, B 00
Trace|Bits per pixel Estimated:1, Used:2
Trace|Writing image header...
Trace|Width: 20, Height: 39, RowLength: 5
Trace|BPP: 2, PaletteColors: 2, Transaparency: 1
Trace|Writing palette...
Trace|Writing image...
Trace|Resource 2 offset is 14691...
Debug|Encoding resource 2...
Trace|Writing image in Palette mode
Trace|Extracting palette...
Trace|Palette item 0: R FF, G FF, B FF, Transaparent color
Trace|Palette item 1: R 00, G 00, B 00
Trace|Bits per pixel Estimated:1, Used:2
Trace|Writing image header...
Trace|Width: 20, Height: 39, RowLength: 5
Trace|BPP: 2, PaletteColors: 2, Transaparency: 1
Trace|Writing palette...
Trace|Writing image...
Trace|Resource 3 offset is 14910...
Debug|Encoding resource 3...
Trace|Writing image in Palette mode
Trace|Extracting palette...
Trace|Palette item 0: R FF, G FF, B FF, Transaparent color
Trace|Palette item 1: R 00, G 00, B 00
Trace|Bits per pixel Estimated:1, Used:2
Trace|Writing image header...
Trace|Width: 20, Height: 39, RowLength: 5
Trace|BPP: 2, PaletteColors: 2, Transaparency: 1
Trace|Writing palette...
Trace|Writing image...
Trace|Resource 4 offset is 15129...
Debug|Encoding resource 4...
Trace|Writing image in Palette mode
Trace|Extracting palette...
Trace|Palette item 0: R FF, G FF, B FF, Transaparent color
Trace|Palette item 1: R 00, G 00, B 00
Trace|Palette item 2: R 0C, G 06, B 08
Trace|Palette item 3: R 0B, G 04, B 05
Trace|Bits per pixel Estimated:2, Used:2
Trace|Writing image header...
Trace|Width: 20, Height: 39, RowLength: 5
Trace|BPP: 2, PaletteColors: 4, Transaparency: 1
Trace|Writing palette...
Trace|Writing image...
Trace|Resource 5 offset is 15356...
Debug|Encoding resource 5...
Trace|Writing image in Palette mode
Trace|Extracting palette...
Trace|Palette item 0: R FF, G FF, B FF, Transaparent color
Trace|Palette item 1: R 00, G 00, B 00
Trace|Palette item 2: R 10, G 0A, B 0C
Trace|Palette item 3: R 0B, G 05, B 07
Trace|Bits per pixel Estimated:2, Used:2
Trace|Writing image header...
Trace|Width: 20, Height: 39, RowLength: 5
Trace|BPP: 2, PaletteColors: 4, Transaparency: 1
Trace|Writing palette...
Trace|Writing image...
Trace|Resource 6 offset is 15583...
Debug|Encoding resource 6...
Trace|Writing image in Palette mode
Trace|Extracting palette...
Trace|Palette item 0: R FF, G FF, B FF, Transaparent color
Trace|Palette item 1: R 00, G 00, B 00
Trace|Palette item 2: R 30, G 2B, B 30
Trace|Bits per pixel Estimated:2, Used:2
Trace|Writing image header...
Trace|Width: 20, Height: 39, RowLength: 5
Trace|BPP: 2, PaletteColors: 3, Transaparency: 1
Trace|Writing palette...
Trace|Writing image...
Trace|Resource 7 offset is 15806...
Debug|Encoding resource 7...
Trace|Writing image in Palette mode
Trace|Extracting palette...
Trace|Palette item 0: R FF, G FF, B FF, Transaparent color
Trace|Palette item 1: R 00, G 00, B 00
Trace|Palette item 2: R 27, G 22, B 22
Trace|Palette item 3: R 0A, G 03, B 01
Trace|Palette item 4: R 34, G 30, B 37
Trace|Bits per pixel Estimated:3, Used:4
Trace|Writing image header...
Trace|Width: 20, Height: 39, RowLength: 10
Trace|BPP: 4, PaletteColors: 5, Transaparency: 1
Trace|Writing palette...
Trace|Writing image...
Trace|Resource 8 offset is 16232...
Debug|Encoding resource 8...
Trace|Writing image in Palette mode
Trace|Extracting palette...
Trace|Palette item 0: R 00, G 00, B 00
Trace|Palette item 1: R FF, G FF, B FF, Transaparent color
Trace|Palette item 2: R 1D, G 17, B 16
Trace|Palette item 3: R 0E, G 06, B 00
Trace|Palette item 4: R 10, G 09, B 0B
Trace|Palette item 5: R 13, G 0E, B 0B
Trace|Bits per pixel Estimated:3, Used:4
Trace|Writing image header...
Trace|Width: 20, Height: 39, RowLength: 10
Trace|BPP: 4, PaletteColors: 6, Transaparency: 1
Trace|Writing palette...
Trace|Writing image...
Trace|Resource 9 offset is 16662...
Debug|Encoding resource 9...
Trace|Writing image in Palette mode
Trace|Extracting palette...
Trace|Palette item 0: R FF, G FF, B FF, Transaparent color
Trace|Palette item 1: R 00, G 00, B 00
Trace|Palette item 2: R 1C, G 15, B 09
Trace|Palette item 3: R 0B, G 03, B 00
Trace|Palette item 4: R 29, G 22, B 23
Trace|Palette item 5: R 0C, G 05, B 05
Trace|Palette item 6: R 43, G 3F, B 4C
Trace|Palette item 7: R 0F, G 08, B 00
Trace|Palette item 8: R 18, G 11, B 05
Trace|Palette item 9: R 1B, G 16, B 18
Trace|Palette item 10: R 11, G 0A, B 05
Trace|Palette item 11: R 16, G 10, B 12
Trace|Palette item 12: R 0E, G 09, B 0B
Trace|Palette item 13: R 38, G 33, B 39
Trace|Bits per pixel Estimated:4, Used:4
Trace|Writing image header...
Trace|Width: 20, Height: 39, RowLength: 10
Trace|BPP: 4, PaletteColors: 14, Transaparency: 1
Trace|Writing palette...
Trace|Writing image...
Trace|Resource 10 offset is 17124...
Debug|Encoding resource 10...
Trace|Writing image in Palette mode
Trace|Extracting palette...
Trace|Palette item 0: R FF, G FF, B FF, Transaparent color
Trace|Palette item 1: R 00, G 00, B 00
Trace|Palette item 2: R 0F, G 0C, B 0D
Trace|Palette item 3: R 2E, G 29, B 2B
Trace|Palette item 4: R 18, G 13, B 15
Trace|Palette item 5: R 0E, G 07, B 06
Trace|Palette item 6: R 16, G 10, B 05
Trace|Palette item 7: R 0A, G 03, B 01
Trace|Palette item 8: R 06, G 00, B 00
Trace|Palette item 9: R 25, G 20, B 22
Trace|Bits per pixel Estimated:4, Used:4
Trace|Writing image header...
Trace|Width: 20, Height: 39, RowLength: 10
Trace|BPP: 4, PaletteColors: 10, Transaparency: 1
Trace|Writing palette...
Trace|Writing image...
Trace|Resource 11 offset is 17570...
Debug|Encoding resource 11...
Trace|Writing image in Palette mode
Trace|Extracting palette...
Trace|Palette item 0: R FF, G FF, B FF, Transaparent color
Trace|Palette item 1: R 00, G 00, B 00
Trace|Palette item 2: R FF, G FF, B FF
Trace|Bits per pixel Estimated:2, Used:2
Trace|Writing image header...
Trace|Width: 13, Height: 24, RowLength: 4
Trace|BPP: 2, PaletteColors: 3, Transaparency: 1
Trace|Writing palette...
Trace|Writing image...
Trace|Resource 12 offset is 17694...
Debug|Encoding resource 12...
Trace|Writing image in Palette mode
Trace|Extracting palette...
Trace|Palette item 0: R FF, G FF, B FF, Transaparent color
Trace|Palette item 1: R 00, G 00, B 00
Trace|Bits per pixel Estimated:1, Used:2
Trace|Writing image header...
Trace|Width: 13, Height: 24, RowLength: 4
Trace|BPP: 2, PaletteColors: 2, Transaparency: 1
Trace|Writing palette...
Trace|Writing image...
Trace|Resource 13 offset is 17814...
Debug|Encoding resource 13...
Trace|Writing image in Palette mode
Trace|Extracting palette...
Trace|Palette item 0: R FF, G FF, B FF, Transaparent color
Trace|Palette item 1: R 00, G 00, B 00
Trace|Palette item 2: R FF, G FF, B FF
Trace|Bits per pixel Estimated:2, Used:2
Trace|Writing image header...
Trace|Width: 13, Height: 24, RowLength: 4
Trace|BPP: 2, PaletteColors: 3, Transaparency: 1
Trace|Writing palette...
Trace|Writing image...
Trace|Resource 14 offset is 17938...
Debug|Encoding resource 14...
Trace|Writing image in Palette mode
Trace|Extracting palette...
Trace|Palette item 0: R FF, G FF, B FF, Transaparent color
Trace|Palette item 1: R 00, G 00, B 00
Trace|Palette item 2: R FF, G FF, B FF
Trace|Bits per pixel Estimated:2, Used:2
Trace|Writing image header...
Trace|Width: 13, Height: 24, RowLength: 4
Trace|BPP: 2, PaletteColors: 3, Transaparency: 1
Trace|Writing palette...
Trace|Writing image...
Trace|Resource 15 offset is 18062...
Debug|Encoding resource 15...
Trace|Writing image in Palette mode
Trace|Extracting palette...
Trace|Palette item 0: R FF, G FF, B FF, Transaparent color
Trace|Palette item 1: R 00, G 00, B 00
Trace|Palette item 2: R FF, G FF, B FF
Trace|Palette item 3: R 09, G 03, B 04
Trace|Bits per pixel Estimated:2, Used:2
Trace|Writing image header...
Trace|Width: 13, Height: 24, RowLength: 4
Trace|BPP: 2, PaletteColors: 4, Transaparency: 1
Trace|Writing palette...
Trace|Writing image...
Trace|Resource 16 offset is 18190...
Debug|Encoding resource 16...
Trace|Writing image in Palette mode
Trace|Extracting palette...
Trace|Palette item 0: R FF, G FF, B FF, Transaparent color
Trace|Palette item 1: R 00, G 00, B 00
Trace|Palette item 2: R 0C, G 09, B 0A
Trace|Palette item 3: R 31, G 2C, B 33
Trace|Bits per pixel Estimated:2, Used:2
Trace|Writing image header...
Trace|Width: 13, Height: 24, RowLength: 4
Trace|BPP: 2, PaletteColors: 4, Transaparency: 1
Trace|Writing palette...
Trace|Writing image...
Trace|Resource 17 offset is 18318...
Debug|Encoding resource 17...
Trace|Writing image in Palette mode
Trace|Extracting palette...
Trace|Palette item 0: R FF, G FF, B FF, Transaparent color
Trace|Palette item 1: R FF, G FF, B FF
Trace|Palette item 2: R 00, G 00, B 00
Trace|Bits per pixel Estimated:2, Used:2
Trace|Writing image header...
Trace|Width: 13, Height: 24, RowLength: 4
Trace|BPP: 2, PaletteColors: 3, Transaparency: 1
Trace|Writing palette...
Trace|Writing image...
Trace|Resource 18 offset is 18442...
Debug|Encoding resource 18...
Trace|Writing image in Palette mode
Trace|Extracting palette...
Trace|Palette item 0: R 00, G 00, B 00
Trace|Palette item 1: R FF, G FF, B FF
Trace|Palette item 2: R FF, G FF, B FF, Transaparent color
Trace|Palette item 3: R 10, G 09, B 09
Trace|Palette item 4: R 2B, G 26, B 28
Trace|Bits per pixel Estimated:3, Used:4
Trace|Writing image header...
Trace|Width: 13, Height: 24, RowLength: 7
Trace|BPP: 4, PaletteColors: 5, Transaparency: 1
Trace|Writing palette...
Trace|Writing image...
Trace|Resource 19 offset is 18646...
Debug|Encoding resource 19...
Trace|Writing image in Palette mode
Trace|Extracting palette...
Trace|Palette item 0: R FF, G FF, B FF, Transaparent color
Trace|Palette item 1: R 00, G 00, B 00
Trace|Palette item 2: R 24, G 1E, B 1D
Trace|Palette item 3: R FF, G FF, B FF
Trace|Palette item 4: R 16, G 11, B 13
Trace|Palette item 5: R 05, G 00, B 00
Trace|Palette item 6: R 1D, G 16, B 14
Trace|Palette item 7: R 09, G 03, B 03
Trace|Palette item 8: R 13, G 0C, B 0D
Trace|Bits per pixel Estimated:4, Used:4
Trace|Writing image header...
Trace|Width: 13, Height: 24, RowLength: 7
Trace|BPP: 4, PaletteColors: 9, Transaparency: 1
Trace|Writing palette...
Trace|Writing image...
Trace|Resource 20 offset is 18866...
Debug|Encoding resource 20...
Trace|Writing image in Palette mode
Trace|Extracting palette...
Trace|Palette item 0: R FF, G FF, B FF, Transaparent color
Trace|Palette item 1: R 00, G 00, B 00
Trace|Palette item 2: R 18, G 12, B 12
Trace|Palette item 3: R 2A, G 25, B 28
Trace|Bits per pixel Estimated:2, Used:2
Trace|Writing image header...
Trace|Width: 13, Height: 24, RowLength: 4
Trace|BPP: 2, PaletteColors: 4, Transaparency: 1
Trace|Writing palette...
Trace|Writing image...
Trace|Resource 21 offset is 18994...
Debug|Encoding resource 21...
Trace|Writing image in Palette mode
Trace|Extracting palette...
Trace|Palette item 0: R 00, G 00, B 00, Transaparent color
Trace|Palette item 1: R 00, G 00, B 00
Trace|Palette item 2: R 00, G 00, B 00
Trace|Palette item 3: R 00, G 00, B 00
Trace|Palette item 4: R 00, G 00, B 00
Trace|Palette item 5: R 00, G 00, B 00
Trace|Palette item 6: R 00, G 00, B 00
Trace|Palette item 7: R 00, G 00, B 00
Trace|Palette item 8: R 00, G 00, B 00
Trace|Palette item 9: R 00, G 00, B 00
Trace|Palette item 10: R 00, G 00, B 00
Trace|Palette item 11: R 00, G 00, B 00
Trace|Palette item 12: R 00, G 00, B 00
Trace|Palette item 13: R 00, G 00, B 00
Trace|Palette item 14: R 00, G 00, B 00
Trace|Palette item 15: R 00, G 00, B 00
Trace|Palette item 16: R 00, G 00, B 00
Trace|Palette item 17: R 00, G 00, B 00
Trace|Palette item 18: R 00, G 00, B 00
Trace|Palette item 19: R 00, G 00, B 00
Trace|Palette item 20: R 00, G 00, B 00
Trace|Palette item 21: R 00, G 00, B 00
Trace|Palette item 22: R 00, G 00, B 00
Trace|Palette item 23: R 00, G 00, B 00
Trace|Palette item 24: R 00, G 00, B 00
Trace|Palette item 25: R 00, G 00, B 00
Trace|Palette item 26: R 00, G 00, B 00
Trace|Palette item 27: R 00, G 00, B 00
Trace|Palette item 28: R 00, G 00, B 00
Trace|Palette item 29: R 00, G 00, B 00
Trace|Bits per pixel Estimated:5, Used:8
Trace|Writing image header...
Trace|Width: 6, Height: 10, RowLength: 6
Trace|BPP: 8, PaletteColors: 30, Transaparency: 1
Trace|Writing palette...
Trace|Writing image...
Trace|Resource 22 offset is 19190...
Debug|Encoding resource 22...
Trace|Writing image in Palette mode
Trace|Extracting palette...
Trace|Palette item 0: R 00, G 00, B 00, Transaparent color
Trace|Palette item 1: R 00, G 00, B 00
Trace|Palette item 2: R 00, G 00, B 00
Trace|Palette item 3: R 00, G 00, B 00
Trace|Palette item 4: R 00, G 00, B 00
Trace|Palette item 5: R FF, G FF, B FF
Trace|Palette item 6: R 00, G 00, B 00
Trace|Palette item 7: R 00, G 00, B 00
Trace|Palette item 8: R 00, G 00, B 00
Trace|Palette item 9: R 00, G 00, B 00
Trace|Palette item 10: R 00, G 00, B 00
Trace|Palette item 11: R 00, G 00, B 00
Trace|Palette item 12: R 00, G 00, B 00
Trace|Palette item 13: R 00, G 00, B 00
Trace|Palette item 14: R 00, G 00, B 00
Trace|Palette item 15: R 00, G 00, B 00
Trace|Palette item 16: R 00, G 00, B 00
Trace|Palette item 17: R 00, G 00, B 00
Trace|Palette item 18: R 00, G 00, B 00
Trace|Palette item 19: R 00, G 00, B 00
Trace|Bits per pixel Estimated:5, Used:8
Trace|Writing image header...
Trace|Width: 6, Height: 10, RowLength: 6
Trace|BPP: 8, PaletteColors: 20, Transaparency: 1
Trace|Writing palette...
Trace|Writing image...
Trace|Resource 23 offset is 19346...
Debug|Encoding resource 23...
Trace|Writing image in Palette mode
Trace|Extracting palette...
Trace|Palette item 0: R 00, G 00, B 00, Transaparent color
Trace|Palette item 1: R 00, G 00, B 00
Trace|Palette item 2: R 00, G 00, B 00
Trace|Palette item 3: R 00, G 00, B 00
Trace|Palette item 4: R 00, G 00, B 00
Trace|Palette item 5: R 00, G 00, B 00
Trace|Palette item 6: R 00, G 00, B 00
Trace|Palette item 7: R 00, G 00, B 00
Trace|Palette item 8: R 00, G 00, B 00
Trace|Palette item 9: R 00, G 00, B 00
Trace|Palette item 10: R 00, G 00, B 00
Trace|Palette item 11: R 00, G 00, B 00
Trace|Palette item 12: R 00, G 00, B 00
Trace|Palette item 13: R 00, G 00, B 00
Trace|Palette item 14: R 00, G 00, B 00
Trace|Palette item 15: R 00, G 00, B 00
Trace|Palette item 16: R 00, G 00, B 00
Trace|Palette item 17: R 00, G 00, B 00
Trace|Palette item 18: R 00, G 00, B 00
Trace|Palette item 19: R 00, G 00, B 00
Trace|Palette item 20: R 00, G 00, B 00
Trace|Palette item 21: R 00, G 00, B 00
Trace|Palette item 22: R 00, G 00, B 00
Trace|Palette item 23: R 00, G 00, B 00
Trace|Palette item 24: R 00, G 00, B 00
Trace|Palette item 25: R 00, G 00, B 00
Trace|Palette item 26: R 00, G 00, B 00
Trace|Palette item 27: R 00, G 00, B 00
Trace|Palette item 28: R 00, G 00, B 00
Trace|Palette item 29: R 00, G 00, B 00
Trace|Bits per pixel Estimated:5, Used:8
Trace|Writing image header...
Trace|Width: 6, Height: 10, RowLength: 6
Trace|BPP: 8, PaletteColors: 30, Transaparency: 1
Trace|Writing palette...
Trace|Writing image...
Trace|Resource 24 offset is 19542...
Debug|Encoding resource 24...
Trace|Writing image in Palette mode
Trace|Extracting palette...
Trace|Palette item 0: R 00, G 00, B 00, Transaparent color
Trace|Palette item 1: R 00, G 00, B 00
Trace|Palette item 2: R 00, G 00, B 00
Trace|Palette item 3: R 00, G 00, B 00
Trace|Palette item 4: R 00, G 00, B 00
Trace|Palette item 5: R 00, G 00, B 00
Trace|Palette item 6: R 00, G 00, B 00
Trace|Palette item 7: R 00, G 00, B 00
Trace|Palette item 8: R 00, G 00, B 00
Trace|Palette item 9: R 00, G 00, B 00
Trace|Palette item 10: R 00, G 00, B 00
Trace|Palette item 11: R 00, G 00, B 00
Trace|Palette item 12: R 00, G 00, B 00
Trace|Palette item 13: R 00, G 00, B 00
Trace|Palette item 14: R 00, G 00, B 00
Trace|Bits per pixel Estimated:4, Used:4
Trace|Writing image header...
Trace|Width: 6, Height: 10, RowLength: 3
Trace|BPP: 4, PaletteColors: 15, Transaparency: 1
Trace|Writing palette...
Trace|Writing image...
Trace|Resource 25 offset is 19648...
Debug|Encoding resource 25...
Trace|Writing image in Palette mode
Trace|Extracting palette...
Trace|Palette item 0: R 00, G 00, B 00, Transaparent color
Trace|Palette item 1: R 00, G 00, B 00
Trace|Palette item 2: R 00, G 00, B 00
Trace|Palette item 3: R 00, G 00, B 00
Trace|Palette item 4: R 00, G 00, B 00
Trace|Palette item 5: R 00, G 00, B 00
Trace|Palette item 6: R 00, G 00, B 00
Trace|Palette item 7: R 00, G 00, B 00
Trace|Palette item 8: R 00, G 00, B 00
Trace|Palette item 9: R 00, G 00, B 00
Trace|Palette item 10: R 00, G 00, B 00
Trace|Palette item 11: R 00, G 00, B 00
Trace|Palette item 12: R 00, G 00, B 00
Trace|Palette item 13: R 00, G 00, B 00
Trace|Palette item 14: R 00, G 00, B 00
Trace|Palette item 15: R 00, G 00, B 00
Trace|Palette item 16: R 00, G 00, B 00
Trace|Palette item 17: R 00, G 00, B 00
Trace|Palette item 18: R 00, G 00, B 00
Trace|Palette item 19: R 00, G 00, B 00
Trace|Palette item 20: R 00, G 00, B 00
Trace|Palette item 21: R 00, G 00, B 00
Trace|Palette item 22: R 00, G 00, B 00
Trace|Palette item 23: R 00, G 00, B 00
Trace|Palette item 24: R 00, G 00, B 00
Trace|Palette item 25: R 00, G 00, B 00
Trace|Palette item 26: R 00, G 00, B 00
Trace|Palette item 27: R 00, G 00, B 00
Trace|Palette item 28: R 00, G 00, B 00
Trace|Palette item 29: R 00, G 00, B 00
Trace|Palette item 30: R 00, G 00, B 00
Trace|Palette item 31: R 00, G 00, B 00
Trace|Palette item 32: R 00, G 00, B 00
Trace|Palette item 33: R 00, G 00, B 00
Trace|Palette item 34: R 00, G 00, B 00
Trace|Palette item 35: R 00, G 00, B 00
Trace|Palette item 36: R 00, G 00, B 00
Trace|Palette item 37: R 00, G 00, B 00
Trace|Bits per pixel Estimated:6, Used:8
Trace|Writing image header...
Trace|Width: 6, Height: 10, RowLength: 6
Trace|BPP: 8, PaletteColors: 38, Transaparency: 1
Trace|Writing palette...
Trace|Writing image...
Trace|Resource 26 offset is 19876...
Debug|Encoding resource 26...
Trace|Writing image in Palette mode
Trace|Extracting palette...
Trace|Palette item 0: R 00, G 00, B 00
Trace|Palette item 1: R 00, G 00, B 00
Trace|Palette item 2: R 00, G 00, B 00
Trace|Palette item 3: R 00, G 00, B 00
Trace|Palette item 4: R 00, G 00, B 00
Trace|Palette item 5: R 00, G 00, B 00
Trace|Palette item 6: R 00, G 00, B 00
Trace|Palette item 7: R 00, G 00, B 00, Transaparent color
Trace|Palette item 8: R 00, G 00, B 00
Trace|Palette item 9: R 00, G 00, B 00
Trace|Palette item 10: R 00, G 00, B 00
Trace|Palette item 11: R 00, G 00, B 00
Trace|Palette item 12: R 00, G 00, B 00
Trace|Palette item 13: R 00, G 00, B 00
Trace|Palette item 14: R 00, G 00, B 00
Trace|Palette item 15: R 00, G 00, B 00
Trace|Palette item 16: R 00, G 00, B 00
Trace|Palette item 17: R 00, G 00, B 00
Trace|Palette item 18: R 00, G 00, B 00
Trace|Palette item 19: R 00, G 00, B 00
Trace|Palette item 20: R 00, G 00, B 00
Trace|Palette item 21: R 00, G 00, B 00
Trace|Palette item 22: R 00, G 00, B 00
Trace|Palette item 23: R 00, G 00, B 00
Trace|Palette item 24: R 00, G 00, B 00
Trace|Palette item 25: R 00, G 00, B 00
Trace|Palette item 26: R 00, G 00, B 00
Trace|Palette item 27: R 00, G 00, B 00
Trace|Palette item 28: R 00, G 00, B 00
Trace|Palette item 29: R 00, G 00, B 00
Trace|Palette item 30: R 00, G 00, B 00
Trace|Palette item 31: R 00, G 00, B 00
Trace|Palette item 32: R 00, G 00, B 00
Trace|Palette item 33: R 00, G 00, B 00
Trace|Palette item 34: R 00, G 00, B 00
Trace|Palette item 35: R 00, G 00, B 00
Trace|Palette item 36: R 00, G 00, B 00
Trace|Bits per pixel Estimated:6, Used:8
Trace|Writing image header...
Trace|Width: 6, Height: 10, RowLength: 6
Trace|BPP: 8, PaletteColors: 37, Transaparency: 1
Trace|Writing palette...
Trace|Writing image...
Trace|Resource 27 offset is 20100...
Debug|Encoding resource 27...
Trace|Writing image in Palette mode
Trace|Extracting palette...
Trace|Palette item 0: R 00, G 00, B 00, Transaparent color
Trace|Palette item 1: R 00, G 00, B 00
Trace|Palette item 2: R 00, G 00, B 00
Trace|Palette item 3: R 00, G 00, B 00
Trace|Palette item 4: R 00, G 00, B 00
Trace|Palette item 5: R 00, G 00, B 00
Trace|Palette item 6: R 00, G 00, B 00
Trace|Palette item 7: R 00, G 00, B 00
Trace|Palette item 8: R 00, G 00, B 00
Trace|Palette item 9: R 00, G 00, B 00
Trace|Palette item 10: R 00, G 00, B 00
Trace|Palette item 11: R 00, G 00, B 00
Trace|Palette item 12: R 00, G 00, B 00
Trace|Palette item 13: R 00, G 00, B 00
Trace|Palette item 14: R 00, G 00, B 00
Trace|Palette item 15: R 00, G 00, B 00
Trace|Palette item 16: R 00, G 00, B 00
Trace|Palette item 17: R 00, G 00, B 00
Trace|Palette item 18: R 00, G 00, B 00
Trace|Palette item 19: R 00, G 00, B 00
Trace|Palette item 20: R 00, G 00, B 00
Trace|Palette item 21: R 00, G 00, B 00
Trace|Palette item 22: R 00, G 00, B 00
Trace|Palette item 23: R 00, G 00, B 00
Trace|Palette item 24: R 00, G 00, B 00
Trace|Palette item 25: R 00, G 00, B 00
Trace|Palette item 26: R 00, G 00, B 00
Trace|Palette item 27: R 00, G 00, B 00
Trace|Palette item 28: R 00, G 00, B 00
Trace|Palette item 29: R 00, G 00, B 00
Trace|Palette item 30: R 00, G 00, B 00
Trace|Palette item 31: R 00, G 00, B 00
Trace|Palette item 32: R 00, G 00, B 00
Trace|Bits per pixel Estimated:6, Used:8
Trace|Writing image header...
Trace|Width: 6, Height: 10, RowLength: 6
Trace|BPP: 8, PaletteColors: 33, Transaparency: 1
Trace|Writing palette...
Trace|Writing image...
Trace|Resource 28 offset is 20308...
Debug|Encoding resource 28...
Trace|Writing image in Palette mode
Trace|Extracting palette...
Trace|Palette item 0: R 00, G 00, B 00
Trace|Palette item 1: R 00, G 00, B 00
Trace|Palette item 2: R 00, G 00, B 00
Trace|Palette item 3: R 00, G 00, B 00
Trace|Palette item 4: R 00, G 00, B 00
Trace|Palette item 5: R 00, G 00, B 00, Transaparent color
Trace|Palette item 6: R 00, G 00, B 00
Trace|Palette item 7: R 00, G 00, B 00
Trace|Palette item 8: R 00, G 00, B 00
Trace|Palette item 9: R 00, G 00, B 00
Trace|Palette item 10: R 00, G 00, B 00
Trace|Palette item 11: R 00, G 00, B 00
Trace|Palette item 12: R 00, G 00, B 00
Trace|Bits per pixel Estimated:4, Used:4
Trace|Writing image header...
Trace|Width: 6, Height: 10, RowLength: 3
Trace|BPP: 4, PaletteColors: 13, Transaparency: 1
Trace|Writing palette...
Trace|Writing image...
Trace|Resource 29 offset is 20406...
Debug|Encoding resource 29...
Trace|Writing image in Palette mode
Trace|Extracting palette...
Trace|Palette item 0: R 00, G 00, B 00, Transaparent color
Trace|Palette item 1: R 00, G 00, B 00
Trace|Palette item 2: R 00, G 00, B 00
Trace|Palette item 3: R 00, G 00, B 00
Trace|Palette item 4: R 00, G 00, B 00
Trace|Palette item 5: R 00, G 00, B 00
Trace|Palette item 6: R 00, G 00, B 00
Trace|Palette item 7: R 00, G 00, B 00
Trace|Palette item 8: R 00, G 00, B 00
Trace|Palette item 9: R 00, G 00, B 00
Trace|Palette item 10: R 00, G 00, B 00
Trace|Palette item 11: R 00, G 00, B 00
Trace|Palette item 12: R 00, G 00, B 00
Trace|Palette item 13: R 00, G 00, B 00
Trace|Palette item 14: R 00, G 00, B 00
Trace|Palette item 15: R 00, G 00, B 00
Trace|Palette item 16: R 00, G 00, B 00
Trace|Palette item 17: R 00, G 00, B 00
Trace|Palette item 18: R 00, G 00, B 00
Trace|Palette item 19: R 00, G 00, B 00
Trace|Palette item 20: R 00, G 00, B 00
Trace|Palette item 21: R 00, G 00, B 00
Trace|Palette item 22: R 00, G 00, B 00
Trace|Palette item 23: R 00, G 00, B 00
Trace|Palette item 24: R 00, G 00, B 00
Trace|Palette item 25: R 00, G 00, B 00
Trace|Palette item 26: R 00, G 00, B 00
Trace|Palette item 27: R 00, G 00, B 00
Trace|Palette item 28: R 00, G 00, B 00
Trace|Palette item 29: R 00, G 00, B 00
Trace|Palette item 30: R 00, G 00, B 00
Trace|Palette item 31: R 00, G 00, B 00
Trace|Palette item 32: R 00, G 00, B 00
Trace|Palette item 33: R 00, G 00, B 00
Trace|Palette item 34: R 00, G 00, B 00
Trace|Palette item 35: R 00, G 00, B 00
Trace|Bits per pixel Estimated:6, Used:8
Trace|Writing image header...
Trace|Width: 6, Height: 10, RowLength: 6
Trace|BPP: 8, PaletteColors: 36, Transaparency: 1
Trace|Writing palette...
Trace|Writing image...
Trace|Resource 30 offset is 20626...
Debug|Encoding resource 30...
Trace|Writing image in Palette mode
Trace|Extracting palette...
Trace|Palette item 0: R 00, G 00, B 00, Transaparent color
Trace|Palette item 1: R 00, G 00, B 00
Trace|Palette item 2: R 00, G 00, B 00
Trace|Palette item 3: R 00, G 00, B 00
Trace|Palette item 4: R 00, G 00, B 00
Trace|Palette item 5: R 00, G 00, B 00
Trace|Palette item 6: R 00, G 00, B 00
Trace|Palette item 7: R 00, G 00, B 00
Trace|Palette item 8: R 00, G 00, B 00
Trace|Palette item 9: R 00, G 00, B 00
Trace|Palette item 10: R 00, G 00, B 00
Trace|Palette item 11: R 00, G 00, B 00
Trace|Palette item 12: R 00, G 00, B 00
Trace|Palette item 13: R 00, G 00, B 00
Trace|Palette item 14: R 00, G 00, B 00
Trace|Palette item 15: R 00, G 00, B 00
Trace|Palette item 16: R 00, G 00, B 00
Trace|Palette item 17: R 00, G 00, B 00
Trace|Palette item 18: R 00, G 00, B 00
Trace|Palette item 19: R 00, G 00, B 00
Trace|Palette item 20: R 00, G 00, B 00
Trace|Palette item 21: R 00, G 00, B 00
Trace|Palette item 22: R 00, G 00, B 00
Trace|Palette item 23: R 00, G 00, B 00
Trace|Palette item 24: R 00, G 00, B 00
Trace|Palette item 25: R 00, G 00, B 00
Trace|Palette item 26: R 00, G 00, B 00
Trace|Palette item 27: R 00, G 00, B 00
Trace|Palette item 28: R 00, G 00, B 00
Trace|Palette item 29: R 00, G 00, B 00
Trace|Palette item 30: R 00, G 00, B 00
Trace|Palette item 31: R 00, G 00, B 00
Trace|Palette item 32: R 00, G 00, B 00
Trace|Palette item 33: R 00, G 00, B 00
Trace|Palette item 34: R 00, G 00, B 00
Trace|Palette item 35: R 00, G 00, B 00
Trace|Palette item 36: R 00, G 00, B 00
Trace|Bits per pixel Estimated:6, Used:8
Trace|Writing image header...
Trace|Width: 6, Height: 10, RowLength: 6
Trace|BPP: 8, PaletteColors: 37, Transaparency: 1
Trace|Writing palette...
Trace|Writing image...
Trace|Resource 31 offset is 20850...
Debug|Encoding resource 31...
Trace|Writing image in Palette mode
Trace|Extracting palette...
Trace|Palette item 0: R 00, G 00, B 00, Transaparent color
Trace|Palette item 1: R 00, G 00, B 00
Trace|Palette item 2: R 00, G 00, B 00
Trace|Palette item 3: R 00, G 00, B 00
Trace|Palette item 4: R 00, G 00, B 00
Trace|Palette item 5: R 00, G 00, B 00
Trace|Palette item 6: R 00, G 00, B 00
Trace|Palette item 7: R 00, G 00, B 00
Trace|Palette item 8: R 00, G 00, B 00
Trace|Palette item 9: R 00, G 00, B 00
Trace|Palette item 10: R 00, G 00, B 00
Trace|Palette item 11: R 00, G 00, B 00
Trace|Palette item 12: R 00, G 00, B 00
Trace|Palette item 13: R 00, G 00, B 00
Trace|Palette item 14: R 00, G 00, B 00
Trace|Palette item 15: R 00, G 00, B 00
Trace|Palette item 16: R 00, G 00, B 00
Trace|Palette item 17: R 00, G 00, B 00
Trace|Palette item 18: R 00, G 00, B 00
Trace|Palette item 19: R 00, G 00, B 00
Trace|Palette item 20: R 00, G 00, B 00
Trace|Palette item 21: R 00, G 00, B 00
Trace|Palette item 22: R 00, G 00, B 00
Trace|Palette item 23: R 00, G 00, B 00
Trace|Palette item 24: R 00, G 00, B 00
Trace|Palette item 25: R 00, G 00, B 00
Trace|Palette item 26: R 00, G 00, B 00
Trace|Palette item 27: R 00, G 00, B 00
Trace|Palette item 28: R 00, G 00, B 00
Trace|Palette item 29: R 00, G 00, B 00
Trace|Palette item 30: R 00, G 00, B 00
Trace|Palette item 31: R 00, G 00, B 00
Trace|Palette item 32: R 00, G 00, B 00
Trace|Palette item 33: R 00, G 00, B 00
Trace|Palette item 34: R 00, G 00, B 00
Trace|Palette item 35: R 00, G 00, B 00
Trace|Palette item 36: R 00, G 00, B 00
Trace|Palette item 37: R 00, G 00, B 00
Trace|Palette item 38: R 00, G 00, B 00
Trace|Palette item 39: R 00, G 00, B 00
Trace|Bits per pixel Estimated:6, Used:8
Trace|Writing image header...
Trace|Width: 7, Height: 11, RowLength: 7
Trace|BPP: 8, PaletteColors: 40, Transaparency: 1
Trace|Writing palette...
Trace|Writing image...
Trace|Resource 32 offset is 21103...
Debug|Encoding resource 32...
Trace|Writing image in Palette mode
Trace|Extracting palette...
Trace|Palette item 0: R 00, G 00, B 00, Transaparent color
Trace|Palette item 1: R 00, G 00, B 00
Trace|Palette item 2: R 00, G 00, B 00
Trace|Palette item 3: R 00, G 00, B 00
Trace|Palette item 4: R 00, G 00, B 00
Trace|Palette item 5: R 00, G 00, B 00
Trace|Palette item 6: R FF, G FF, B FF
Trace|Palette item 7: R 00, G 00, B 00
Trace|Palette item 8: R 00, G 00, B 00
Trace|Palette item 9: R 00, G 00, B 00
Trace|Palette item 10: R 00, G 00, B 00
Trace|Palette item 11: R 00, G 00, B 00
Trace|Palette item 12: R 00, G 00, B 00
Trace|Palette item 13: R 00, G 00, B 00
Trace|Palette item 14: R 00, G 00, B 00
Trace|Palette item 15: R 00, G 00, B 00
Trace|Palette item 16: R 00, G 00, B 00
Trace|Palette item 17: R 00, G 00, B 00
Trace|Palette item 18: R 00, G 00, B 00
Trace|Palette item 19: R 00, G 00, B 00
Trace|Palette item 20: R 00, G 00, B 00
Trace|Palette item 21: R 00, G 00, B 00
Trace|Palette item 22: R 00, G 00, B 00
Trace|Palette item 23: R 00, G 00, B 00
Trace|Palette item 24: R 00, G 00, B 00
Trace|Palette item 25: R 00, G 00, B 00
Trace|Palette item 26: R 00, G 00, B 00
Trace|Palette item 27: R 00, G 00, B 00
Trace|Bits per pixel Estimated:5, Used:8
Trace|Writing image header...
Trace|Width: 7, Height: 11, RowLength: 7
Trace|BPP: 8, PaletteColors: 28, Transaparency: 1
Trace|Writing palette...
Trace|Writing image...
Trace|Resource 33 offset is 21308...
Debug|Encoding resource 33...
Trace|Writing image in Palette mode
Trace|Extracting palette...
Trace|Palette item 0: R 00, G 00, B 00, Transaparent color
Trace|Palette item 1: R 00, G 00, B 00
Trace|Palette item 2: R 00, G 00, B 00
Trace|Palette item 3: R 00, G 00, B 00
Trace|Palette item 4: R 00, G 00, B 00
Trace|Palette item 5: R 00, G 00, B 00
Trace|Palette item 6: R 00, G 00, B 00
Trace|Palette item 7: R 00, G 00, B 00
Trace|Palette item 8: R 00, G 00, B 00
Trace|Palette item 9: R 00, G 00, B 00
Trace|Palette item 10: R 00, G 00, B 00
Trace|Palette item 11: R 00, G 00, B 00
Trace|Palette item 12: R 00, G 00, B 00
Trace|Palette item 13: R 00, G 00, B 00
Trace|Palette item 14: R 00, G 00, B 00
Trace|Palette item 15: R 00, G 00, B 00
Trace|Palette item 16: R 00, G 00, B 00
Trace|Palette item 17: R 00, G 00, B 00
Trace|Palette item 18: R 00, G 00, B 00
Trace|Palette item 19: R 00, G 00, B 00
Trace|Palette item 20: R 00, G 00, B 00
Trace|Palette item 21: R 00, G 00, B 00
Trace|Palette item 22: R 00, G 00, B 00
Trace|Palette item 23: R 00, G 00, B 00
Trace|Palette item 24: R 00, G 00, B 00
Trace|Palette item 25: R 00, G 00, B 00
Trace|Palette item 26: R 00, G 00, B 00
Trace|Palette item 27: R 00, G 00, B 00
Trace|Palette item 28: R 00, G 00, B 00
Trace|Palette item 29: R 00, G 00, B 00
Trace|Palette item 30: R 00, G 00, B 00
Trace|Palette item 31: R 00, G 00, B 00
Trace|Palette item 32: R 00, G 00, B 00
Trace|Palette item 33: R 00, G 00, B 00
Trace|Palette item 34: R 00, G 00, B 00
Trace|Palette item 35: R 00, G 00, B 00
Trace|Palette item 36: R 00, G 00, B 00
Trace|Palette item 37: R 00, G 00, B 00
Trace|Bits per pixel Estimated:6, Used:8
Trace|Writing image header...
Trace|Width: 7, Height: 11, RowLength: 7
Trace|BPP: 8, PaletteColors: 38, Transaparency: 1
Trace|Writing palette...
Trace|Writing image...
Trace|Resource 34 offset is 21553...
Debug|Encoding resource 34...
Trace|Writing image in Palette mode
Trace|Extracting palette...
Trace|Palette item 0: R 00, G 00, B 00
Trace|Palette item 1: R 00, G 00, B 00
Trace|Palette item 2: R 00, G 00, B 00
Trace|Palette item 3: R 00, G 00, B 00
Trace|Palette item 4: R 00, G 00, B 00
Trace|Palette item 5: R 00, G 00, B 00
Trace|Palette item 6: R 00, G 00, B 00, Transaparent color
Trace|Palette item 7: R 00, G 00, B 00
Trace|Palette item 8: R 00, G 00, B 00
Trace|Palette item 9: R 00, G 00, B 00
Trace|Palette item 10: R 00, G 00, B 00
Trace|Palette item 11: R 00, G 00, B 00
Trace|Palette item 12: R 00, G 00, B 00
Trace|Palette item 13: R 00, G 00, B 00
Trace|Palette item 14: R 00, G 00, B 00
Trace|Palette item 15: R 00, G 00, B 00
Trace|Palette item 16: R 00, G 00, B 00
Trace|Palette item 17: R 00, G 00, B 00
Trace|Palette item 18: R 00, G 00, B 00
Trace|Palette item 19: R 00, G 00, B 00
Trace|Palette item 20: R 00, G 00, B 00
Trace|Palette item 21: R 00, G 00, B 00
Trace|Palette item 22: R 00, G 00, B 00
Trace|Palette item 23: R 00, G 00, B 00
Trace|Palette item 24: R 00, G 00, B 00
Trace|Palette item 25: R 00, G 00, B 00
Trace|Palette item 26: R 00, G 00, B 00
Trace|Palette item 27: R 00, G 00, B 00
Trace|Palette item 28: R 00, G 00, B 00
Trace|Palette item 29: R 00, G 00, B 00
Trace|Palette item 30: R 00, G 00, B 00
Trace|Palette item 31: R 00, G 00, B 00
Trace|Palette item 32: R 00, G 00, B 00
Trace|Palette item 33: R 00, G 00, B 00
Trace|Palette item 34: R 00, G 00, B 00
Trace|Palette item 35: R 00, G 00, B 00
Trace|Palette item 36: R 00, G 00, B 00
Trace|Palette item 37: R 00, G 00, B 00
Trace|Palette item 38: R 00, G 00, B 00
Trace|Bits per pixel Estimated:6, Used:8
Trace|Writing image header...
Trace|Width: 7, Height: 11, RowLength: 7
Trace|BPP: 8, PaletteColors: 39, Transaparency: 1
Trace|Writing palette...
Trace|Writing image...
Trace|Resource 35 offset is 21802...
Debug|Encoding resource 35...
Trace|Writing image in Palette mode
Trace|Extracting palette...
Trace|Palette item 0: R 00, G 00, B 00, Transaparent color
Trace|Palette item 1: R 00, G 00, B 00
Trace|Palette item 2: R 00, G 00, B 00
Trace|Palette item 3: R 00, G 00, B 00
Trace|Palette item 4: R 00, G 00, B 00
Trace|Palette item 5: R 00, G 00, B 00
Trace|Palette item 6: R 00, G 00, B 00
Trace|Palette item 7: R 00, G 00, B 00
Trace|Palette item 8: R 00, G 00, B 00
Trace|Palette item 9: R 00, G 00, B 00
Trace|Palette item 10: R 00, G 00, B 00
Trace|Palette item 11: R 00, G 00, B 00
Trace|Palette item 12: R 00, G 00, B 00
Trace|Palette item 13: R 00, G 00, B 00
Trace|Palette item 14: R 00, G 00, B 00
Trace|Palette item 15: R 00, G 00, B 00
Trace|Palette item 16: R 00, G 00, B 00
Trace|Palette item 17: R 00, G 00, B 00
Trace|Palette item 18: R 00, G 00, B 00
Trace|Palette item 19: R 00, G 00, B 00
Trace|Palette item 20: R 00, G 00, B 00
Trace|Palette item 21: R 00, G 00, B 00
Trace|Palette item 22: R 00, G 00, B 00
Trace|Palette item 23: R 00, G 00, B 00
Trace|Palette item 24: R 00, G 00, B 00
Trace|Palette item 25: R 00, G 00, B 00
Trace|Palette item 26: R 00, G 00, B 00
Trace|Palette item 27: R 00, G 00, B 00
Trace|Palette item 28: R 00, G 00, B 00
Trace|Palette item 29: R 00, G 00, B 00
Trace|Palette item 30: R 00, G 00, B 00
Trace|Palette item 31: R 00, G 00, B 00
Trace|Palette item 32: R 00, G 00, B 00
Trace|Palette item 33: R 00, G 00, B 00
Trace|Palette item 34: R 00, G 00, B 00
Trace|Palette item 35: R 00, G 00, B 00
Trace|Palette item 36: R 00, G 00, B 00
Trace|Palette item 37: R 00, G 00, B 00
Trace|Bits per pixel Estimated:6, Used:8
Trace|Writing image header...
Trace|Width: 7, Height: 11, RowLength: 7
Trace|BPP: 8, PaletteColors: 38, Transaparency: 1
Trace|Writing palette...
Trace|Writing image...
Trace|Resource 36 offset is 22047...
Debug|Encoding resource 36...
Trace|Writing image in Palette mode
Trace|Extracting palette...
Trace|Palette item 0: R 00, G 00, B 00
Trace|Palette item 1: R 00, G 00, B 00
Trace|Palette item 2: R 00, G 00, B 00
Trace|Palette item 3: R 00, G 00, B 00
Trace|Palette item 4: R 00, G 00, B 00, Transaparent color
Trace|Palette item 5: R 00, G 00, B 00
Trace|Palette item 6: R 00, G 00, B 00
Trace|Palette item 7: R 00, G 00, B 00
Trace|Palette item 8: R 00, G 00, B 00
Trace|Palette item 9: R 00, G 00, B 00
Trace|Palette item 10: R 00, G 00, B 00
Trace|Palette item 11: R 00, G 00, B 00
Trace|Palette item 12: R 00, G 00, B 00
Trace|Palette item 13: R 00, G 00, B 00
Trace|Palette item 14: R 00, G 00, B 00
Trace|Palette item 15: R 00, G 00, B 00
Trace|Palette item 16: R 00, G 00, B 00
Trace|Palette item 17: R 00, G 00, B 00
Trace|Palette item 18: R 00, G 00, B 00
Trace|Palette item 19: R 00, G 00, B 00
Trace|Palette item 20: R 00, G 00, B 00
Trace|Palette item 21: R 00, G 00, B 00
Trace|Palette item 22: R 00, G 00, B 00
Trace|Palette item 23: R 00, G 00, B 00
Trace|Palette item 24: R 00, G 00, B 00
Trace|Palette item 25: R 00, G 00, B 00
Trace|Palette item 26: R 00, G 00, B 00
Trace|Palette item 27: R 00, G 00, B 00
Trace|Palette item 28: R 00, G 00, B 00
Trace|Palette item 29: R 00, G 00, B 00
Trace|Palette item 30: R 00, G 00, B 00
Trace|Palette item 31: R 00, G 00, B 00
Trace|Palette item 32: R 00, G 00, B 00
Trace|Palette item 33: R 00, G 00, B 00
Trace|Palette item 34: R 00, G 00, B 00
Trace|Palette item 35: R 00, G 00, B 00
Trace|Palette item 36: R 00, G 00, B 00
Trace|Palette item 37: R 00, G 00, B 00
Trace|Palette item 38: R 00, G 00, B 00
Trace|Palette item 39: R 00, G 00, B 00
Trace|Palette item 40: R 00, G 00, B 00
Trace|Palette item 41: R 00, G 00, B 00
Trace|Bits per pixel Estimated:6, Used:8
Trace|Writing image header...
Trace|Width: 7, Height: 11, RowLength: 7
Trace|BPP: 8, PaletteColors: 42, Transaparency: 1
Trace|Writing palette...
Trace|Writing image...
Trace|Resource 37 offset is 22308...
Debug|Encoding resource 37...
Trace|Writing image in Palette mode
Trace|Extracting palette...
Trace|Palette item 0: R 00, G 00, B 00, Transaparent color
Trace|Palette item 1: R 00, G 00, B 00
Trace|Palette item 2: R 00, G 00, B 00
Trace|Palette item 3: R 00, G 00, B 00
Trace|Palette item 4: R 00, G 00, B 00
Trace|Palette item 5: R 00, G 00, B 00
Trace|Palette item 6: R 00, G 00, B 00
Trace|Palette item 7: R 00, G 00, B 00
Trace|Palette item 8: R 00, G 00, B 00
Trace|Palette item 9: R 00, G 00, B 00
Trace|Palette item 10: R 00, G 00, B 00
Trace|Palette item 11: R 00, G 00, B 00
Trace|Palette item 12: R 00, G 00, B 00
Trace|Palette item 13: R 00, G 00, B 00
Trace|Palette item 14: R 00, G 00, B 00
Trace|Palette item 15: R 00, G 00, B 00
Trace|Palette item 16: R 00, G 00, B 00
Trace|Palette item 17: R 00, G 00, B 00
Trace|Palette item 18: R 00, G 00, B 00
Trace|Palette item 19: R 00, G 00, B 00
Trace|Palette item 20: R 00, G 00, B 00
Trace|Palette item 21: R 00, G 00, B 00
Trace|Palette item 22: R 00, G 00, B 00
Trace|Palette item 23: R 00, G 00, B 00
Trace|Palette item 24: R 00, G 00, B 00
Trace|Palette item 25: R 00, G 00, B 00
Trace|Palette item 26: R 00, G 00, B 00
Trace|Palette item 27: R 00, G 00, B 00
Trace|Palette item 28: R 00, G 00, B 00
Trace|Palette item 29: R 00, G 00, B 00
Trace|Palette item 30: R 00, G 00, B 00
Trace|Palette item 31: R 00, G 00, B 00
Trace|Palette item 32: R 00, G 00, B 00
Trace|Palette item 33: R 00, G 00, B 00
Trace|Palette item 34: R 00, G 00, B 00
Trace|Palette item 35: R 00, G 00, B 00
Trace|Palette item 36: R 00, G 00, B 00
Trace|Palette item 37: R 00, G 00, B 00
Trace|Palette item 38: R 00, G 00, B 00
Trace|Palette item 39: R 00, G 00, B 00
Trace|Palette item 40: R 00, G 00, B 00
Trace|Palette item 41: R 00, G 00, B 00
Trace|Palette item 42: R 00, G 00, B 00
Trace|Palette item 43: R 00, G 00, B 00
Trace|Palette item 44: R 00, G 00, B 00
Trace|Bits per pixel Estimated:6, Used:8
Trace|Writing image header...
Trace|Width: 7, Height: 11, RowLength: 7
Trace|BPP: 8, PaletteColors: 45, Transaparency: 1
Trace|Writing palette...
Trace|Writing image...
Trace|Resource 38 offset is 22581...
Debug|Encoding resource 38...
Trace|Writing image in Palette mode
Trace|Extracting palette...
Trace|Palette item 0: R 00, G 00, B 00
Trace|Palette item 1: R 00, G 00, B 00
Trace|Palette item 2: R 00, G 00, B 00
Trace|Palette item 3: R 00, G 00, B 00
Trace|Palette item 4: R 00, G 00, B 00, Transaparent color
Trace|Palette item 5: R 00, G 00, B 00
Trace|Palette item 6: R 00, G 00, B 00
Trace|Palette item 7: R 00, G 00, B 00
Trace|Palette item 8: R 00, G 00, B 00
Trace|Palette item 9: R 00, G 00, B 00
Trace|Palette item 10: R 00, G 00, B 00
Trace|Palette item 11: R 00, G 00, B 00
Trace|Palette item 12: R 00, G 00, B 00
Trace|Palette item 13: R 00, G 00, B 00
Trace|Palette item 14: R 00, G 00, B 00
Trace|Palette item 15: R 00, G 00, B 00
Trace|Palette item 16: R 00, G 00, B 00
Trace|Palette item 17: R 00, G 00, B 00
Trace|Palette item 18: R 00, G 00, B 00
Trace|Palette item 19: R 00, G 00, B 00
Trace|Palette item 20: R 00, G 00, B 00
Trace|Palette item 21: R 00, G 00, B 00
Trace|Palette item 22: R 00, G 00, B 00
Trace|Palette item 23: R 00, G 00, B 00
Trace|Palette item 24: R 00, G 00, B 00
Trace|Palette item 25: R 00, G 00, B 00
Trace|Palette item 26: R 00, G 00, B 00
Trace|Palette item 27: R 00, G 00, B 00
Trace|Palette item 28: R 00, G 00, B 00
Trace|Palette item 29: R 00, G 00, B 00
Trace|Palette item 30: R 00, G 00, B 00
Trace|Palette item 31: R 00, G 00, B 00
Trace|Bits per pixel Estimated:5, Used:8
Trace|Writing image header...
Trace|Width: 7, Height: 11, RowLength: 7
Trace|BPP: 8, PaletteColors: 32, Transaparency: 1
Trace|Writing palette...
Trace|Writing image...
Trace|Resource 39 offset is 22802...
Debug|Encoding resource 39...
Trace|Writing image in Palette mode
Trace|Extracting palette...
Trace|Palette item 0: R 00, G 00, B 00, Transaparent color
Trace|Palette item 1: R 00, G 00, B 00
Trace|Palette item 2: R 00, G 00, B 00
Trace|Palette item 3: R 00, G 00, B 00
Trace|Palette item 4: R 00, G 00, B 00
Trace|Palette item 5: R 00, G 00, B 00
Trace|Palette item 6: R 00, G 00, B 00
Trace|Palette item 7: R 00, G 00, B 00
Trace|Palette item 8: R 00, G 00, B 00
Trace|Palette item 9: R 00, G 00, B 00
Trace|Palette item 10: R 00, G 00, B 00
Trace|Palette item 11: R 00, G 00, B 00
Trace|Palette item 12: R 00, G 00, B 00
Trace|Palette item 13: R 00, G 00, B 00
Trace|Palette item 14: R 00, G 00, B 00
Trace|Palette item 15: R 00, G 00, B 00
Trace|Palette item 16: R 00, G 00, B 00
Trace|Palette item 17: R 00, G 00, B 00
Trace|Palette item 18: R 00, G 00, B 00
Trace|Palette item 19: R 00, G 00, B 00
Trace|Palette item 20: R 00, G 00, B 00
Trace|Palette item 21: R 00, G 00, B 00
Trace|Palette item 22: R 00, G 00, B 00
Trace|Palette item 23: R 00, G 00, B 00
Trace|Palette item 24: R 00, G 00, B 00
Trace|Palette item 25: R 00, G 00, B 00
Trace|Palette item 26: R 00, G 00, B 00
Trace|Palette item 27: R 00, G 00, B 00
Trace|Palette item 28: R 00, G 00, B 00
Trace|Palette item 29: R 00, G 00, B 00
Trace|Palette item 30: R 00, G 00, B 00
Trace|Palette item 31: R 00, G 00, B 00
Trace|Palette item 32: R 00, G 00, B 00
Trace|Palette item 33: R 00, G 00, B 00
Trace|Palette item 34: R 00, G 00, B 00
Trace|Palette item 35: R 00, G 00, B 00
Trace|Palette item 36: R 00, G 00, B 00
Trace|Palette item 37: R 00, G 00, B 00
Trace|Palette item 38: R 00, G 00, B 00
Trace|Palette item 39: R 00, G 00, B 00
Trace|Palette item 40: R 00, G 00, B 00
Trace|Palette item 41: R 00, G 00, B 00
Trace|Palette item 42: R 00, G 00, B 00
Trace|Palette item 43: R 00, G 00, B 00
Trace|Palette item 44: R 00, G 00, B 00
Trace|Palette item 45: R 00, G 00, B 00
Trace|Palette item 46: R 00, G 00, B 00
Trace|Palette item 47: R 00, G 00, B 00
Trace|Palette item 48: R 00, G 00, B 00
Trace|Palette item 49: R 00, G 00, B 00
Trace|Palette item 50: R 00, G 00, B 00
Trace|Bits per pixel Estimated:6, Used:8
Trace|Writing image header...
Trace|Width: 7, Height: 11, RowLength: 7
Trace|BPP: 8, PaletteColors: 51, Transaparency: 1
Trace|Writing palette...
Trace|Writing image...
Trace|Resource 40 offset is 23099...
Debug|Encoding resource 40...
Trace|Writing image in Palette mode
Trace|Extracting palette...
Trace|Palette item 0: R 00, G 00, B 00, Transaparent color
Trace|Palette item 1: R 00, G 00, B 00
Trace|Palette item 2: R 00, G 00, B 00
Trace|Palette item 3: R 00, G 00, B 00
Trace|Palette item 4: R 00, G 00, B 00
Trace|Palette item 5: R 00, G 00, B 00
Trace|Palette item 6: R 00, G 00, B 00
Trace|Palette item 7: R 00, G 00, B 00
Trace|Palette item 8: R 00, G 00, B 00
Trace|Palette item 9: R 00, G 00, B 00
Trace|Palette item 10: R 00, G 00, B 00
Trace|Palette item 11: R 00, G 00, B 00
Trace|Palette item 12: R 00, G 00, B 00
Trace|Palette item 13: R 00, G 00, B 00
Trace|Palette item 14: R 00, G 00, B 00
Trace|Palette item 15: R 00, G 00, B 00
Trace|Palette item 16: R 00, G 00, B 00
Trace|Palette item 17: R 00, G 00, B 00
Trace|Palette item 18: R 00, G 00, B 00
Trace|Palette item 19: R 00, G 00, B 00
Trace|Palette item 20: R 00, G 00, B 00
Trace|Palette item 21: R 00, G 00, B 00
Trace|Palette item 22: R 00, G 00, B 00
Trace|Palette item 23: R 00, G 00, B 00
Trace|Palette item 24: R 00, G 00, B 00
Trace|Palette item 25: R 00, G 00, B 00
Trace|Palette item 26: R 00, G 00, B 00
Trace|Palette item 27: R 00, G 00, B 00
Trace|Palette item 28: R 00, G 00, B 00
Trace|Palette item 29: R 00, G 00, B 00
Trace|Palette item 30: R 00, G 00, B 00
Trace|Palette item 31: R 00, G 00, B 00
Trace|Palette item 32: R 00, G 00, B 00
Trace|Palette item 33: R 00, G 00, B 00
Trace|Palette item 34: R 00, G 00, B 00
Trace|Palette item 35: R 00, G 00, B 00
Trace|Palette item 36: R 00, G 00, B 00
Trace|Palette item 37: R 00, G 00, B 00
Trace|Palette item 38: R 00, G 00, B 00
Trace|Palette item 39: R 00, G 00, B 00
Trace|Palette item 40: R 00, G 00, B 00
Trace|Palette item 41: R 00, G 00, B 00
Trace|Palette item 42: R 00, G 00, B 00
Trace|Palette item 43: R 00, G 00, B 00
Trace|Bits per pixel Estimated:6, Used:8
Trace|Writing image header...
Trace|Width: 7, Height: 11, RowLength: 7
Trace|BPP: 8, PaletteColors: 44, Transaparency: 1
Trace|Writing palette...
Trace|Writing image...
Trace|Resource 41 offset is 23368...
Debug|Encoding resource 41...
Trace|Writing image in Palette mode
Trace|Extracting palette...
Trace|Palette item 0: R FF, G FF, B FF, Transaparent color
Trace|Palette item 1: R F5, G E6, B 32
Trace|Palette item 2: R FC, G DC, B 11
Trace|Palette item 3: R FA, G C7, B 55
Trace|Palette item 4: R FD, G F3, B 5A
Trace|Palette item 5: R CF, G AB, B 1A
Trace|Palette item 6: R F8, G DF, B 78
Trace|Palette item 7: R FB, G E9, B A9
Trace|Palette item 8: R C0, G 83, B 3B
Trace|Palette item 9: R 94, G 73, B 2A
Trace|Palette item 10: R 3E, G 2C, B 13
Trace|Palette item 11: R 00, G 00, B 00
Trace|Palette item 12: R E4, G A3, B 48
Trace|Palette item 13: R 6B, G 4E, B 22
Trace|Palette item 14: R FF, G FF, B FF
Trace|Bits per pixel Estimated:4, Used:4
Trace|Writing image header...
Trace|Width: 120, Height: 240, RowLength: 60
Trace|BPP: 4, PaletteColors: 15, Transaparency: 1
Trace|Writing palette...
Trace|Writing image...
Trace|Resource 42 offset is 37844...
Debug|Encoding resource 42...
Trace|Writing image in Palette mode
Trace|Extracting palette...
Trace|Palette item 0: R FF, G FF, B FF, Transaparent color
Trace|Palette item 1: R 00, G 00, B 00
Trace|Palette item 2: R 43, G 32, B 15
Trace|Palette item 3: R 73, G 55, B 22
Trace|Palette item 4: R 9A, G 78, B 2C
Trace|Palette item 5: R F4, G DF, B 31
Trace|Palette item 6: R F9, G E1, B 74
Trace|Palette item 7: R C1, G 86, B 40
Trace|Palette item 8: R FC, G DC, B 12
Trace|Palette item 9: R FC, G F2, B 4E
Trace|Palette item 10: R E3, G AB, B 4F
Trace|Palette item 11: R FB, G CB, B 52
Trace|Palette item 12: R D5, G AB, B 24
Trace|Palette item 13: R FB, G EB, B A3
Trace|Palette item 14: R FF, G FF, B FF
Trace|Bits per pixel Estimated:4, Used:4
Trace|Writing image header...
Trace|Width: 120, Height: 240, RowLength: 60
Trace|BPP: 4, PaletteColors: 15, Transaparency: 1
Trace|Writing palette...
Trace|Writing image...
Trace|Resource 43 offset is 52320...
Debug|Encoding resource 43...
Trace|Writing image in Palette mode
Trace|Extracting palette...
Trace|Palette item 0: R FF, G FF, B FF, Transaparent color
Trace|Palette item 1: R 00, G 00, B 00
Trace|Palette item 2: R 3B, G 2A, B 12
Trace|Palette item 3: R 6D, G 51, B 21
Trace|Palette item 4: R C2, G 8F, B 35
Trace|Palette item 5: R FB, G DE, B 72
Trace|Palette item 6: R 98, G 78, B 2A
Trace|Palette item 7: R FC, G CD, B 51
Trace|Palette item 8: R FC, G F2, B 50
Trace|Palette item 9: R E4, G AB, B 4C
Trace|Palette item 10: R F8, G C5, B 21
Trace|Palette item 11: R F4, G E5, B 31
Trace|Palette item 12: R FD, G E1, B 0D
Trace|Palette item 13: R FC, G EA, B 9C
Trace|Palette item 14: R FF, G FF, B FF
Trace|Bits per pixel Estimated:4, Used:4
Trace|Writing image header...
Trace|Width: 120, Height: 240, RowLength: 60
Trace|BPP: 4, PaletteColors: 15, Transaparency: 1
Trace|Writing palette...
Trace|Writing image...
Trace|Resource 44 offset is 66796...
Debug|Encoding resource 44...
Trace|Writing image in Palette mode
Trace|Extracting palette...
Trace|Palette item 0: R FF, G FF, B FF, Transaparent color
Trace|Palette item 1: R 00, G 00, B 00
Trace|Palette item 2: R 76, G 75, B 70
Trace|Palette item 3: R DA, G D4, B C0
Trace|Palette item 4: R 42, G 31, B 1B
Trace|Palette item 5: R FF, G FF, B FF
Trace|Palette item 6: R AF, G 85, B 34
Trace|Palette item 7: R FB, G CF, B 5C
Trace|Palette item 8: R F9, G F0, B 46
Trace|Palette item 9: R E0, G AA, B 50
Trace|Palette item 10: R FA, G CC, B 45
Trace|Palette item 11: R 7A, G 5F, B 23
Trace|Palette item 12: R D9, G A5, B 29
Trace|Palette item 13: R F9, G D9, B 18
Trace|Palette item 14: R FA, G E5, B 7D
Trace|Bits per pixel Estimated:4, Used:4
Trace|Writing image header...
Trace|Width: 120, Height: 240, RowLength: 60
Trace|BPP: 4, PaletteColors: 15, Transaparency: 1
Trace|Writing palette...
Trace|Writing image...
Trace|Resource 45 offset is 81272...
Debug|Encoding resource 45...
Trace|Writing image in Palette mode
Trace|Extracting palette...
Trace|Palette item 0: R 00, G 00, B 00, Transaparent color
Trace|Bits per pixel Estimated:0, Used:2
Trace|Writing image header...
Trace|Width: 1, Height: 1, RowLength: 1
Trace|BPP: 2, PaletteColors: 1, Transaparency: 1
Trace|Writing palette...
Trace|Writing image...
Trace|Resource 46 offset is 81293...
Debug|Encoding resource 46...
Trace|Writing image in Palette mode
Trace|Extracting palette...
Trace|Palette item 0: R 00, G 00, B 00, Transaparent color
Trace|Palette item 1: R 00, G 00, B 00
Trace|Palette item 2: R 00, G 00, B 00
Trace|Palette item 3: R 00, G 00, B 00
Trace|Palette item 4: R 00, G 00, B 00
Trace|Palette item 5: R 00, G 00, B 00
Trace|Palette item 6: R 00, G 00, B 00
Trace|Palette item 7: R 00, G 00, B 00
Trace|Palette item 8: R 00, G 00, B 00
Trace|Palette item 9: R 00, G 00, B 00
Trace|Palette item 10: R 00, G 00, B 00
Trace|Palette item 11: R 00, G 00, B 00
Trace|Palette item 12: R 00, G 00, B 00
Trace|Palette item 13: R 00, G 00, B 00
Trace|Palette item 14: R 00, G 00, B 00
Trace|Palette item 15: R 00, G 00, B 00
Trace|Palette item 16: R 00, G 00, B 00
Trace|Palette item 17: R 00, G 00, B 00
Trace|Palette item 18: R 00, G 00, B 00
Trace|Palette item 19: R 00, G 00, B 00
Trace|Palette item 20: R 00, G 00, B 00
Trace|Palette item 21: R 00, G 00, B 00
Trace|Palette item 22: R 00, G 00, B 00
Trace|Palette item 23: R 00, G 00, B 00
Trace|Palette item 24: R 00, G 00, B 00
Trace|Palette item 25: R 00, G 00, B 00
Trace|Palette item 26: R 00, G 00, B 00
Trace|Palette item 27: R 00, G 00, B 00
Trace|Palette item 28: R 00, G 00, B 00
Trace|Palette item 29: R 00, G 00, B 00
Trace|Palette item 30: R 00, G 00, B 00
Trace|Palette item 31: R 00, G 00, B 00
Trace|Palette item 32: R 00, G 00, B 00
Trace|Palette item 33: R 00, G 00, B 00
Trace|Palette item 34: R 00, G 00, B 00
Trace|Palette item 35: R 00, G 00, B 00
Trace|Palette item 36: R 00, G 00, B 00
Trace|Palette item 37: R 00, G 00, B 00
Trace|Palette item 38: R 00, G 00, B 00
Trace|Palette item 39: R 00, G 00, B 00
Trace|Palette item 40: R 00, G 00, B 00
Trace|Palette item 41: R 00, G 00, B 00
Trace|Palette item 42: R 00, G 00, B 00
Trace|Palette item 43: R 00, G 00, B 00
Trace|Palette item 44: R 00, G 00, B 00
Trace|Palette item 45: R 00, G 00, B 00
Trace|Palette item 46: R 00, G 00, B 00
Trace|Palette item 47: R 00, G 00, B 00
Trace|Palette item 48: R 00, G 00, B 00
Trace|Palette item 49: R 00, G 00, B 00
Trace|Palette item 50: R 00, G 00, B 00
Trace|Palette item 51: R 00, G 00, B 00
Trace|Palette item 52: R 00, G 00, B 00
Trace|Palette item 53: R 00, G 00, B 00
Trace|Palette item 54: R 00, G 00, B 00
Trace|Bits per pixel Estimated:6, Used:8
Trace|Writing image header...
Trace|Width: 10, Height: 10, RowLength: 10
Trace|BPP: 8, PaletteColors: 55, Transaparency: 1
Trace|Writing palette...
Trace|Writing image...
Trace|Resource 47 offset is 81629...
Debug|Encoding resource 47...
Trace|Writing image in Palette mode
Trace|Extracting palette...
Trace|Palette item 0: R 00, G 00, B 00, Transaparent color
Trace|Bits per pixel Estimated:0, Used:2
Trace|Writing image header...
Trace|Width: 1, Height: 1, RowLength: 1
Trace|BPP: 2, PaletteColors: 1, Transaparency: 1
Trace|Writing palette...
Trace|Writing image...
Trace|Resource 48 offset is 81650...
Debug|Encoding resource 48...
Trace|Writing image in Palette mode
Trace|Extracting palette...
Trace|Palette item 0: R 00, G 00, B 00, Transaparent color
Trace|Bits per pixel Estimated:0, Used:2
Trace|Writing image header...
Trace|Width: 1, Height: 1, RowLength: 1
Trace|BPP: 2, PaletteColors: 1, Transaparency: 1
Trace|Writing palette...
Trace|Writing image...
Trace|Resource 49 offset is 81671...
Debug|Encoding resource 49...
Trace|Writing image in Palette mode
Trace|Extracting palette...
Trace|Palette item 0: R 00, G 00, B 00, Transaparent color
Trace|Bits per pixel Estimated:0, Used:2
Trace|Writing image header...
Trace|Width: 1, Height: 1, RowLength: 1
Trace|BPP: 2, PaletteColors: 1, Transaparency: 1
Trace|Writing palette...
Trace|Writing image...
Trace|Resource 50 offset is 81692...
Debug|Encoding resource 50...
Trace|Writing image in Palette mode
Trace|Extracting palette...
Trace|Palette item 0: R 00, G 00, B 00, Transaparent color
Trace|Bits per pixel Estimated:0, Used:2
Trace|Writing image header...
Trace|Width: 1, Height: 1, RowLength: 1
Trace|BPP: 2, PaletteColors: 1, Transaparency: 1
Trace|Writing palette...
Trace|Writing image...
Trace|Resource 51 offset is 81713...
Debug|Encoding resource 51...
Trace|Writing image in Palette mode
Trace|Extracting palette...
Trace|Palette item 0: R 00, G 00, B 00, Transaparent color
Trace|Bits per pixel Estimated:0, Used:2
Trace|Writing image header...
Trace|Width: 1, Height: 1, RowLength: 1
Trace|BPP: 2, PaletteColors: 1, Transaparency: 1
Trace|Writing palette...
Trace|Writing image...
Trace|Resource 52 offset is 81734...
Debug|Encoding resource 52...
Trace|Writing image in Palette mode
Trace|Extracting palette...
Trace|Palette item 0: R 00, G 00, B 00, Transaparent color
Trace|Bits per pixel Estimated:0, Used:2
Trace|Writing image header...
Trace|Width: 1, Height: 1, RowLength: 1
Trace|BPP: 2, PaletteColors: 1, Transaparency: 1
Trace|Writing palette...
Trace|Writing image...
Trace|Resource 53 offset is 81755...
Debug|Encoding resource 53...
Trace|Writing image in Palette mode
Trace|Extracting palette...
Trace|Palette item 0: R 00, G 00, B 00, Transaparent color
Trace|Bits per pixel Estimated:0, Used:2
Trace|Writing image header...
Trace|Width: 1, Height: 1, RowLength: 1
Trace|BPP: 2, PaletteColors: 1, Transaparency: 1
Trace|Writing palette...
Trace|Writing image...
Trace|Resource 54 offset is 81776...
Debug|Encoding resource 54...
Trace|Writing image in Palette mode
Trace|Extracting palette...
Trace|Palette item 0: R 00, G 00, B 00, Transaparent color
Trace|Bits per pixel Estimated:0, Used:2
Trace|Writing image header...
Trace|Width: 1, Height: 1, RowLength: 1
Trace|BPP: 2, PaletteColors: 1, Transaparency: 1
Trace|Writing palette...
Trace|Writing image...
Trace|Resource 55 offset is 81797...
Debug|Encoding resource 55...
Trace|Writing image in Palette mode
Trace|Extracting palette...
Trace|Palette item 0: R 00, G 00, B 00, Transaparent color
Trace|Bits per pixel Estimated:0, Used:2
Trace|Writing image header...
Trace|Width: 1, Height: 1, RowLength: 1
Trace|BPP: 2, PaletteColors: 1, Transaparency: 1
Trace|Writing palette...
Trace|Writing image...
Trace|Resource 56 offset is 81818...
Debug|Encoding resource 56...
Trace|Writing image in Palette mode
Trace|Extracting palette...
Trace|Palette item 0: R 00, G 00, B 00, Transaparent color
Trace|Bits per pixel Estimated:0, Used:2
Trace|Writing image header...
Trace|Width: 1, Height: 1, RowLength: 1
Trace|BPP: 2, PaletteColors: 1, Transaparency: 1
Trace|Writing palette...
Trace|Writing image...
Trace|Resource 57 offset is 81839...
Debug|Encoding resource 57...
Trace|Writing image in Palette mode
Trace|Extracting palette...
Trace|Palette item 0: R 00, G 00, B 00, Transaparent color
Trace|Bits per pixel Estimated:0, Used:2
Trace|Writing image header...
Trace|Width: 1, Height: 1, RowLength: 1
Trace|BPP: 2, PaletteColors: 1, Transaparency: 1
Trace|Writing palette...
Trace|Writing image...
Trace|Resource 58 offset is 81860...
Debug|Encoding resource 58...
Trace|Writing image in Palette mode
Trace|Extracting palette...
Trace|Palette item 0: R 00, G 00, B 00, Transaparent color
Trace|Bits per pixel Estimated:0, Used:2
Trace|Writing image header...
Trace|Width: 1, Height: 1, RowLength: 1
Trace|BPP: 2, PaletteColors: 1, Transaparency: 1
Trace|Writing palette...
Trace|Writing image...
Trace|Resource 59 offset is 81881...
Debug|Encoding resource 59...
Trace|Writing image in Palette mode
Trace|Extracting palette...
Trace|Palette item 0: R 00, G 00, B 00, Transaparent color
Trace|Bits per pixel Estimated:0, Used:2
Trace|Writing image header...
Trace|Width: 1, Height: 1, RowLength: 1
Trace|BPP: 2, PaletteColors: 1, Transaparency: 1
Trace|Writing palette...
Trace|Writing image...
Trace|Resource 60 offset is 81902...
Debug|Encoding resource 60...
Trace|Writing image in Palette mode
Trace|Extracting palette...
Trace|Palette item 0: R 00, G 00, B 00, Transaparent color
Trace|Bits per pixel Estimated:0, Used:2
Trace|Writing image header...
Trace|Width: 1, Height: 1, RowLength: 1
Trace|BPP: 2, PaletteColors: 1, Transaparency: 1
Trace|Writing palette...
Trace|Writing image...
Trace|Resource 61 offset is 81923...
Debug|Encoding resource 61...
Trace|Writing image in Palette mode
Trace|Extracting palette...
Trace|Palette item 0: R FF, G FF, B FF, Transaparent color
Trace|Palette item 1: R 00, G 00, B 00
Trace|Bits per pixel Estimated:1, Used:2
Trace|Writing image header...
Trace|Width: 25, Height: 14, RowLength: 7
Trace|BPP: 2, PaletteColors: 2, Transaparency: 1
Trace|Writing palette...
Trace|Writing image...
Trace|Resource 62 offset is 82045...
Debug|Encoding resource 62...
Trace|Writing image in Palette mode
Trace|Extracting palette...
Trace|Palette item 0: R FF, G FF, B FF, Transaparent color
Trace|Palette item 1: R 00, G 00, B 00
Trace|Bits per pixel Estimated:1, Used:2
Trace|Writing image header...
Trace|Width: 25, Height: 14, RowLength: 7
Trace|BPP: 2, PaletteColors: 2, Transaparency: 1
Trace|Writing palette...
Trace|Writing image...
Trace|Resource 63 offset is 82167...
Debug|Encoding resource 63...
Trace|Writing image in Palette mode
Trace|Extracting palette...
Trace|Palette item 0: R FF, G FF, B FF, Transaparent color
Trace|Palette item 1: R 00, G 00, B 00
Trace|Bits per pixel Estimated:1, Used:2
Trace|Writing image header...
Trace|Width: 25, Height: 14, RowLength: 7
Trace|BPP: 2, PaletteColors: 2, Transaparency: 1
Trace|Writing palette...
Trace|Writing image...
Trace|Resource 64 offset is 82289...
Debug|Encoding resource 64...
Trace|Writing image in Palette mode
Trace|Extracting palette...
Trace|Palette item 0: R 00, G 00, B 00
Trace|Palette item 1: R FF, G FF, B FF, Transaparent color
Trace|Bits per pixel Estimated:1, Used:2
Trace|Writing image header...
Trace|Width: 25, Height: 14, RowLength: 7
Trace|BPP: 2, PaletteColors: 2, Transaparency: 1
Trace|Writing palette...
Trace|Writing image...
Trace|Resource 65 offset is 82411...
Debug|Encoding resource 65...
Trace|Writing image in Palette mode
Trace|Extracting palette...
Trace|Palette item 0: R FF, G FF, B FF, Transaparent color
Trace|Palette item 1: R 00, G 00, B 00
Trace|Bits per pixel Estimated:1, Used:2
Trace|Writing image header...
Trace|Width: 25, Height: 14, RowLength: 7
Trace|BPP: 2, PaletteColors: 2, Transaparency: 1
Trace|Writing palette...
Trace|Writing image...
Trace|Resource 66 offset is 82533...
Debug|Encoding resource 66...
Trace|Writing image in Palette mode
Trace|Extracting palette...
Trace|Palette item 0: R FF, G FF, B FF, Transaparent color
Trace|Palette item 1: R 00, G 00, B 00
Trace|Bits per pixel Estimated:1, Used:2
Trace|Writing image header...
Trace|Width: 25, Height: 14, RowLength: 7
Trace|BPP: 2, PaletteColors: 2, Transaparency: 1
Trace|Writing palette...
Trace|Writing image...
Trace|Resource 67 offset is 82655...
Debug|Encoding resource 67...
Trace|Writing image in Palette mode
Trace|Extracting palette...
Trace|Palette item 0: R FF, G FF, B FF, Transaparent color
Trace|Palette item 1: R 00, G 00, B 00
Trace|Bits per pixel Estimated:1, Used:2
Trace|Writing image header...
Trace|Width: 25, Height: 14, RowLength: 7
Trace|BPP: 2, PaletteColors: 2, Transaparency: 1
Trace|Writing palette...
Trace|Writing image...
Trace|Writing resources offsets table
Debug|Writing resources
